2022-07-26 02:42:13,592 - root - INFO - .\main.py -c .\configs\generate\crime\multi_labels\all\config.ini -m generate
2022-07-26 02:42:13,600 - legal_judgment_prediction.tools.generate.initialize - INFO - Start to initialize.
2022-07-26 02:42:13,602 - legal_judgment_prediction.tools.generate.initialize - INFO - Initialize successfully.
2022-07-26 02:42:13,602 - legal_judgment_prediction.tools.generate.generate - INFO - Start to generate multi_labels T.V.T. dataset in all range.
2022-07-26 02:42:13,602 - legal_judgment_prediction.tools.generate.utils - INFO - Start to get data in all range.
2022-07-26 02:42:14,613 - legal_judgment_prediction.tools.generate.utils - INFO - Get data in all range successfully.
2022-07-26 02:42:14,613 - legal_judgment_prediction.tools.generate.utils - INFO - Start to write back results.
2022-07-26 02:42:14,626 - legal_judgment_prediction.tools.generate.utils - INFO - Start to write train.json.
2022-07-26 02:42:15,033 - legal_judgment_prediction.tools.generate.utils - INFO - Write train.json successfully.
2022-07-26 02:42:15,033 - legal_judgment_prediction.tools.generate.utils - INFO - Start to write valid.json.
2022-07-26 02:42:15,092 - legal_judgment_prediction.tools.generate.utils - INFO - Write valid.json successfully.
2022-07-26 02:42:15,093 - legal_judgment_prediction.tools.generate.utils - INFO - Start to write test.json.
2022-07-26 02:42:15,146 - legal_judgment_prediction.tools.generate.utils - INFO - Write test.json successfully.
2022-07-26 02:42:15,147 - legal_judgment_prediction.tools.generate.utils - INFO - Write back results successfully.
2022-07-26 02:42:15,169 - legal_judgment_prediction.tools.generate.generate - INFO - Generate multi_labels T.V.T. dataset in all range successfully.
2022-07-26 03:06:45,272 - root - INFO - .\main.py -c .\configs\generate\crime\one_label\all\config.ini -m generate
2022-07-26 03:06:45,272 - legal_judgment_prediction.tools.generate.initialize - INFO - Start to initialize.
2022-07-26 03:06:45,287 - legal_judgment_prediction.tools.generate.initialize - INFO - Initialize successfully.
2022-07-26 03:06:45,292 - legal_judgment_prediction.tools.generate.generate - INFO - Start to generate one_label T.V.T. dataset in all range.
2022-07-26 03:06:45,292 - legal_judgment_prediction.tools.generate.utils - INFO - Start to get data in all range.
2022-07-26 03:06:49,741 - legal_judgment_prediction.tools.generate.utils - INFO - Get data in all range successfully.
2022-07-26 03:06:49,742 - legal_judgment_prediction.tools.generate.utils - INFO - Start to write back results.
2022-07-26 03:06:49,742 - legal_judgment_prediction.tools.generate.utils - INFO - Start to write accusations.txt.
2022-07-26 03:06:49,742 - legal_judgment_prediction.tools.generate.utils - INFO - Write accusations.txt successfully.
2022-07-26 03:06:49,743 - legal_judgment_prediction.tools.generate.utils - INFO - Start to write articles.txt.
2022-07-26 03:06:49,743 - legal_judgment_prediction.tools.generate.utils - INFO - Write articles.txt successfully.
2022-07-26 03:06:49,743 - legal_judgment_prediction.tools.generate.utils - INFO - Start to write article_sources.txt.
2022-07-26 03:06:49,744 - legal_judgment_prediction.tools.generate.utils - INFO - Write article_sources.txt successfully.
2022-07-26 03:06:49,847 - legal_judgment_prediction.tools.generate.utils - INFO - Start to write train.json.
2022-07-26 03:06:51,659 - legal_judgment_prediction.tools.generate.utils - INFO - Write train.json successfully.
2022-07-26 03:06:51,659 - legal_judgment_prediction.tools.generate.utils - INFO - Start to write valid.json.
2022-07-26 03:06:51,876 - legal_judgment_prediction.tools.generate.utils - INFO - Write valid.json successfully.
2022-07-26 03:06:51,877 - legal_judgment_prediction.tools.generate.utils - INFO - Start to write test.json.
2022-07-26 03:06:52,090 - legal_judgment_prediction.tools.generate.utils - INFO - Write test.json successfully.
2022-07-26 03:06:52,090 - legal_judgment_prediction.tools.generate.utils - INFO - Write back results successfully.
2022-07-26 03:06:52,192 - legal_judgment_prediction.tools.generate.generate - INFO - Generate one_label T.V.T. dataset in all range successfully.
2022-07-26 03:07:08,978 - root - INFO - .\main.py -c .\configs\generate\crime\one_label\top_50_article\config.ini -m generate
2022-07-26 03:07:08,978 - legal_judgment_prediction.tools.generate.initialize - INFO - Start to initialize.
2022-07-26 03:07:08,990 - legal_judgment_prediction.tools.generate.initialize - INFO - Initialize successfully.
2022-07-26 03:07:08,994 - legal_judgment_prediction.tools.generate.generate - INFO - Start to generate one_label T.V.T. dataset in top_50_article range.
2022-07-26 03:07:08,994 - legal_judgment_prediction.tools.generate.utils - INFO - Start to get the data in top_50_article range.
2022-07-26 03:07:25,590 - legal_judgment_prediction.tools.generate.utils - INFO - Get the data in top_50_article range successfully.
2022-07-26 03:07:25,590 - legal_judgment_prediction.tools.generate.utils - INFO - Start to write back results.
2022-07-26 03:07:25,590 - legal_judgment_prediction.tools.generate.utils - INFO - Start to write accusations.txt.
2022-07-26 03:07:25,591 - legal_judgment_prediction.tools.generate.utils - INFO - Write accusations.txt successfully.
2022-07-26 03:07:25,592 - legal_judgment_prediction.tools.generate.utils - INFO - Start to write articles.txt.
2022-07-26 03:07:25,592 - legal_judgment_prediction.tools.generate.utils - INFO - Write articles.txt successfully.
2022-07-26 03:07:25,593 - legal_judgment_prediction.tools.generate.utils - INFO - Start to write article_sources.txt.
2022-07-26 03:07:25,778 - legal_judgment_prediction.tools.generate.utils - INFO - Write article_sources.txt successfully.
2022-07-26 03:07:25,874 - legal_judgment_prediction.tools.generate.utils - INFO - Start to write train.json.
2022-07-26 03:07:27,451 - legal_judgment_prediction.tools.generate.utils - INFO - Write train.json successfully.
2022-07-26 03:07:27,452 - legal_judgment_prediction.tools.generate.utils - INFO - Start to write valid.json.
2022-07-26 03:07:27,656 - legal_judgment_prediction.tools.generate.utils - INFO - Write valid.json successfully.
2022-07-26 03:07:27,656 - legal_judgment_prediction.tools.generate.utils - INFO - Start to write test.json.
2022-07-26 03:07:27,847 - legal_judgment_prediction.tools.generate.utils - INFO - Write test.json successfully.
2022-07-26 03:07:27,848 - legal_judgment_prediction.tools.generate.utils - INFO - Write back results successfully.
2022-07-26 03:07:27,944 - legal_judgment_prediction.tools.generate.generate - INFO - Generate one_label T.V.T. dataset in top_50_article range successfully.
