2022-04-28 02:51:25,161 - root - INFO - main.py -c legal_judgment_prediction/config.ini -g GPU-7444f9b3-c077-071d-8496-422656b95fe8 -m eval --checkpoint legal_judgment_prediction/results/Bert/2.pkl
2022-04-28 02:51:25,172 - root - INFO - CUDA available: True
2022-04-28 02:51:25,172 - legal_judgment_prediction.tools.initialize - INFO - Begin to initialize model.
2022-04-28 02:51:25,173 - pytorch_pretrained_bert.modeling - INFO - loading archive file legal_judgment_prediction/bert
2022-04-28 02:51:25,173 - pytorch_pretrained_bert.modeling - INFO - Model config {
  "architectures": [
    "BertForMaskedLM"
  ],
  "attention_probs_dropout_prob": 0.1,
  "directionality": "bidi",
  "hidden_act": "gelu",
  "hidden_dropout_prob": 0.1,
  "hidden_size": 768,
  "initializer_range": 0.02,
  "intermediate_size": 3072,
  "layer_norm_eps": 1e-12,
  "max_position_embeddings": 512,
  "model_type": "bert",
  "num_attention_heads": 12,
  "num_hidden_layers": 12,
  "pad_token_id": 0,
  "pooler_fc_size": 768,
  "pooler_num_attention_heads": 12,
  "pooler_num_fc_layers": 3,
  "pooler_size_per_head": 128,
  "pooler_type": "first_token_transform",
  "type_vocab_size": 2,
  "vocab_size": 21128
}

2022-04-28 02:51:27,730 - legal_judgment_prediction.tools.initialize - INFO - Begin to initialize dataset.
2022-04-28 02:51:27,730 - pytorch_pretrained_bert.tokenization - INFO - loading vocabulary file legal_judgment_prediction/bert/vocab.txt
2022-04-28 02:51:28,714 - legal_judgment_prediction.tools.initialize - INFO - Initialize done.
2022-04-28 02:51:28,907 - legal_judgment_prediction.tools.utils - INFO - 0      test   1/5111      0:00/16:17    0.575   
2022-04-28 02:57:53,303 - legal_judgment_prediction.tools.utils - INFO - 0      test   2001/5111   6:24/ 9:57    0.905   
2022-04-28 03:04:17,222 - legal_judgment_prediction.tools.utils - INFO - 0      test   4001/5111  12:48/ 3:33    0.898   
2022-04-28 03:07:49,677 - legal_judgment_prediction.tools.utils - INFO - 0      test   5111/5111  16:20/ 0:00    0.906   {"accuse": [0.92, 0.903, 0.912, 0.613, 0.582, 0.576], "article": [0.979, 0.975, 0.977, 0.935, 0.897, 0.91], "article_source": [0.997, 0.997, 0.997, 0.995, 0.982, 0.988]}
2022-04-28 15:52:01,744 - root - INFO - main.py -c legal_judgment_prediction/config.ini -g GPU-7444f9b3-c077-071d-8496-422656b95fe8 -m serve --checkpoint legal_judgment_prediction/results/Bert/2.pkl
2022-04-28 15:52:01,757 - root - INFO - CUDA available: True
2022-04-28 15:52:01,757 - legal_judgment_prediction.tools.initialize - INFO - Begin to initialize model.
2022-04-28 15:52:01,757 - pytorch_pretrained_bert.modeling - INFO - loading archive file legal_judgment_prediction/bert
2022-04-28 15:52:01,757 - pytorch_pretrained_bert.modeling - INFO - Model config {
  "architectures": [
    "BertForMaskedLM"
  ],
  "attention_probs_dropout_prob": 0.1,
  "directionality": "bidi",
  "hidden_act": "gelu",
  "hidden_dropout_prob": 0.1,
  "hidden_size": 768,
  "initializer_range": 0.02,
  "intermediate_size": 3072,
  "layer_norm_eps": 1e-12,
  "max_position_embeddings": 512,
  "model_type": "bert",
  "num_attention_heads": 12,
  "num_hidden_layers": 12,
  "pad_token_id": 0,
  "pooler_fc_size": 768,
  "pooler_num_attention_heads": 12,
  "pooler_num_fc_layers": 3,
  "pooler_size_per_head": 128,
  "pooler_type": "first_token_transform",
  "type_vocab_size": 2,
  "vocab_size": 21128
}

2022-04-28 15:52:04,307 - legal_judgment_prediction.tools.initialize - INFO - Begin to initialize dataset.
2022-04-28 15:52:04,933 - legal_judgment_prediction.tools.initialize - INFO - Initialize done.
2022-04-28 15:52:04,934 - legal_judgment_prediction.tools.serve.serve - INFO - Begin to get tables...
2022-04-28 15:52:04,934 - pytorch_pretrained_bert.tokenization - INFO - loading vocabulary file legal_judgment_prediction/bert/vocab.txt
2022-04-28 15:52:04,950 - pytorch_pretrained_bert.tokenization - INFO - loading vocabulary file legal_judgment_prediction/bert/vocab.txt
2022-04-28 15:52:04,965 - pytorch_pretrained_bert.tokenization - INFO - loading vocabulary file legal_judgment_prediction/bert/vocab.txt
2022-04-28 15:52:04,980 - pytorch_pretrained_bert.tokenization - INFO - loading vocabulary file legal_judgment_prediction/bert/vocab.txt
2022-04-28 15:52:04,994 - pytorch_pretrained_bert.tokenization - INFO - loading vocabulary file legal_judgment_prediction/bert/vocab.txt
2022-04-28 15:52:05,009 - pytorch_pretrained_bert.tokenization - INFO - loading vocabulary file legal_judgment_prediction/bert/vocab.txt
2022-04-28 15:52:05,024 - pytorch_pretrained_bert.tokenization - INFO - loading vocabulary file legal_judgment_prediction/bert/vocab.txt
2022-04-28 15:52:05,039 - pytorch_pretrained_bert.tokenization - INFO - loading vocabulary file legal_judgment_prediction/bert/vocab.txt
2022-04-28 15:52:05,054 - pytorch_pretrained_bert.tokenization - INFO - loading vocabulary file legal_judgment_prediction/bert/vocab.txt
2022-04-28 15:52:05,068 - pytorch_pretrained_bert.tokenization - INFO - loading vocabulary file legal_judgment_prediction/bert/vocab.txt
2022-04-28 15:52:05,083 - pytorch_pretrained_bert.tokenization - INFO - loading vocabulary file legal_judgment_prediction/bert/vocab.txt
2022-04-28 15:52:05,098 - pytorch_pretrained_bert.tokenization - INFO - loading vocabulary file legal_judgment_prediction/bert/vocab.txt
2022-04-28 15:52:05,113 - pytorch_pretrained_bert.tokenization - INFO - loading vocabulary file legal_judgment_prediction/bert/vocab.txt
2022-04-28 15:52:05,128 - pytorch_pretrained_bert.tokenization - INFO - loading vocabulary file legal_judgment_prediction/bert/vocab.txt
2022-04-28 15:52:05,143 - pytorch_pretrained_bert.tokenization - INFO - loading vocabulary file legal_judgment_prediction/bert/vocab.txt
2022-04-28 15:52:05,158 - pytorch_pretrained_bert.tokenization - INFO - loading vocabulary file legal_judgment_prediction/bert/vocab.txt
2022-04-28 15:52:05,173 - pytorch_pretrained_bert.tokenization - INFO - loading vocabulary file legal_judgment_prediction/bert/vocab.txt
2022-04-28 15:52:05,188 - pytorch_pretrained_bert.tokenization - INFO - loading vocabulary file legal_judgment_prediction/bert/vocab.txt
2022-04-28 15:52:05,202 - pytorch_pretrained_bert.tokenization - INFO - loading vocabulary file legal_judgment_prediction/bert/vocab.txt
2022-04-28 15:52:05,217 - pytorch_pretrained_bert.tokenization - INFO - loading vocabulary file legal_judgment_prediction/bert/vocab.txt
2022-04-28 15:52:05,232 - pytorch_pretrained_bert.tokenization - INFO - loading vocabulary file legal_judgment_prediction/bert/vocab.txt
2022-04-28 15:52:05,247 - pytorch_pretrained_bert.tokenization - INFO - loading vocabulary file legal_judgment_prediction/bert/vocab.txt
2022-04-28 15:52:05,262 - pytorch_pretrained_bert.tokenization - INFO - loading vocabulary file legal_judgment_prediction/bert/vocab.txt
2022-04-28 15:52:05,277 - pytorch_pretrained_bert.tokenization - INFO - loading vocabulary file legal_judgment_prediction/bert/vocab.txt
2022-04-28 15:52:05,292 - pytorch_pretrained_bert.tokenization - INFO - loading vocabulary file legal_judgment_prediction/bert/vocab.txt
2022-04-28 15:52:05,307 - pytorch_pretrained_bert.tokenization - INFO - loading vocabulary file legal_judgment_prediction/bert/vocab.txt
2022-04-28 15:52:05,322 - pytorch_pretrained_bert.tokenization - INFO - loading vocabulary file legal_judgment_prediction/bert/vocab.txt
2022-04-28 15:52:05,337 - pytorch_pretrained_bert.tokenization - INFO - loading vocabulary file legal_judgment_prediction/bert/vocab.txt
2022-04-28 15:52:05,352 - pytorch_pretrained_bert.tokenization - INFO - loading vocabulary file legal_judgment_prediction/bert/vocab.txt
2022-04-28 15:52:05,367 - pytorch_pretrained_bert.tokenization - INFO - loading vocabulary file legal_judgment_prediction/bert/vocab.txt
2022-04-28 15:52:05,382 - pytorch_pretrained_bert.tokenization - INFO - loading vocabulary file legal_judgment_prediction/bert/vocab.txt
2022-04-28 15:52:05,398 - pytorch_pretrained_bert.tokenization - INFO - loading vocabulary file legal_judgment_prediction/bert/vocab.txt
2022-04-28 15:52:05,413 - pytorch_pretrained_bert.tokenization - INFO - loading vocabulary file legal_judgment_prediction/bert/vocab.txt
2022-04-28 15:52:05,427 - pytorch_pretrained_bert.tokenization - INFO - loading vocabulary file legal_judgment_prediction/bert/vocab.txt
2022-04-28 15:52:05,442 - pytorch_pretrained_bert.tokenization - INFO - loading vocabulary file legal_judgment_prediction/bert/vocab.txt
2022-04-28 15:52:05,457 - pytorch_pretrained_bert.tokenization - INFO - loading vocabulary file legal_judgment_prediction/bert/vocab.txt
2022-04-28 15:52:05,472 - pytorch_pretrained_bert.tokenization - INFO - loading vocabulary file legal_judgment_prediction/bert/vocab.txt
2022-04-28 15:52:05,487 - pytorch_pretrained_bert.tokenization - INFO - loading vocabulary file legal_judgment_prediction/bert/vocab.txt
2022-04-28 15:52:05,502 - pytorch_pretrained_bert.tokenization - INFO - loading vocabulary file legal_judgment_prediction/bert/vocab.txt
2022-04-28 15:52:05,516 - pytorch_pretrained_bert.tokenization - INFO - loading vocabulary file legal_judgment_prediction/bert/vocab.txt
2022-04-28 15:52:05,531 - pytorch_pretrained_bert.tokenization - INFO - loading vocabulary file legal_judgment_prediction/bert/vocab.txt
2022-04-28 15:52:05,546 - pytorch_pretrained_bert.tokenization - INFO - loading vocabulary file legal_judgment_prediction/bert/vocab.txt
2022-04-28 15:52:05,561 - pytorch_pretrained_bert.tokenization - INFO - loading vocabulary file legal_judgment_prediction/bert/vocab.txt
2022-04-28 15:52:05,575 - pytorch_pretrained_bert.tokenization - INFO - loading vocabulary file legal_judgment_prediction/bert/vocab.txt
2022-04-28 15:52:05,590 - pytorch_pretrained_bert.tokenization - INFO - loading vocabulary file legal_judgment_prediction/bert/vocab.txt
2022-04-28 15:52:05,605 - pytorch_pretrained_bert.tokenization - INFO - loading vocabulary file legal_judgment_prediction/bert/vocab.txt
2022-04-28 15:52:05,620 - pytorch_pretrained_bert.tokenization - INFO - loading vocabulary file legal_judgment_prediction/bert/vocab.txt
2022-04-28 15:52:05,635 - pytorch_pretrained_bert.tokenization - INFO - loading vocabulary file legal_judgment_prediction/bert/vocab.txt
2022-04-28 15:52:05,650 - pytorch_pretrained_bert.tokenization - INFO - loading vocabulary file legal_judgment_prediction/bert/vocab.txt
2022-04-28 15:52:05,664 - pytorch_pretrained_bert.tokenization - INFO - loading vocabulary file legal_judgment_prediction/bert/vocab.txt
2022-04-28 15:52:05,680 - pytorch_pretrained_bert.tokenization - INFO - loading vocabulary file legal_judgment_prediction/bert/vocab.txt
2022-04-28 15:52:05,695 - pytorch_pretrained_bert.tokenization - INFO - loading vocabulary file legal_judgment_prediction/bert/vocab.txt
2022-04-28 15:52:05,709 - pytorch_pretrained_bert.tokenization - INFO - loading vocabulary file legal_judgment_prediction/bert/vocab.txt
2022-04-28 15:52:05,724 - pytorch_pretrained_bert.tokenization - INFO - loading vocabulary file legal_judgment_prediction/bert/vocab.txt
2022-04-28 15:52:05,739 - pytorch_pretrained_bert.tokenization - INFO - loading vocabulary file legal_judgment_prediction/bert/vocab.txt
2022-04-28 15:52:05,754 - pytorch_pretrained_bert.tokenization - INFO - loading vocabulary file legal_judgment_prediction/bert/vocab.txt
2022-04-28 15:52:05,768 - pytorch_pretrained_bert.tokenization - INFO - loading vocabulary file legal_judgment_prediction/bert/vocab.txt
2022-04-28 15:52:05,784 - pytorch_pretrained_bert.tokenization - INFO - loading vocabulary file legal_judgment_prediction/bert/vocab.txt
2022-04-28 15:52:05,799 - pytorch_pretrained_bert.tokenization - INFO - loading vocabulary file legal_judgment_prediction/bert/vocab.txt
2022-04-28 15:52:05,814 - pytorch_pretrained_bert.tokenization - INFO - loading vocabulary file legal_judgment_prediction/bert/vocab.txt
2022-04-28 15:52:05,828 - pytorch_pretrained_bert.tokenization - INFO - loading vocabulary file legal_judgment_prediction/bert/vocab.txt
2022-04-28 15:52:05,843 - pytorch_pretrained_bert.tokenization - INFO - loading vocabulary file legal_judgment_prediction/bert/vocab.txt
2022-04-28 15:52:05,858 - pytorch_pretrained_bert.tokenization - INFO - loading vocabulary file legal_judgment_prediction/bert/vocab.txt
2022-04-28 15:52:05,873 - pytorch_pretrained_bert.tokenization - INFO - loading vocabulary file legal_judgment_prediction/bert/vocab.txt
2022-04-28 15:52:05,888 - pytorch_pretrained_bert.tokenization - INFO - loading vocabulary file legal_judgment_prediction/bert/vocab.txt
2022-04-28 15:52:05,902 - pytorch_pretrained_bert.tokenization - INFO - loading vocabulary file legal_judgment_prediction/bert/vocab.txt
2022-04-28 15:52:05,917 - pytorch_pretrained_bert.tokenization - INFO - loading vocabulary file legal_judgment_prediction/bert/vocab.txt
2022-04-28 15:52:05,932 - pytorch_pretrained_bert.tokenization - INFO - loading vocabulary file legal_judgment_prediction/bert/vocab.txt
2022-04-28 15:52:05,947 - pytorch_pretrained_bert.tokenization - INFO - loading vocabulary file legal_judgment_prediction/bert/vocab.txt
2022-04-28 15:52:05,962 - pytorch_pretrained_bert.tokenization - INFO - loading vocabulary file legal_judgment_prediction/bert/vocab.txt
2022-04-28 15:52:05,977 - pytorch_pretrained_bert.tokenization - INFO - loading vocabulary file legal_judgment_prediction/bert/vocab.txt
2022-04-28 15:52:05,992 - pytorch_pretrained_bert.tokenization - INFO - loading vocabulary file legal_judgment_prediction/bert/vocab.txt
2022-04-28 15:52:06,007 - pytorch_pretrained_bert.tokenization - INFO - loading vocabulary file legal_judgment_prediction/bert/vocab.txt
2022-04-28 15:52:06,022 - pytorch_pretrained_bert.tokenization - INFO - loading vocabulary file legal_judgment_prediction/bert/vocab.txt
2022-04-28 15:52:06,037 - pytorch_pretrained_bert.tokenization - INFO - loading vocabulary file legal_judgment_prediction/bert/vocab.txt
2022-04-28 15:52:06,051 - pytorch_pretrained_bert.tokenization - INFO - loading vocabulary file legal_judgment_prediction/bert/vocab.txt
2022-04-28 15:52:06,066 - pytorch_pretrained_bert.tokenization - INFO - loading vocabulary file legal_judgment_prediction/bert/vocab.txt
2022-04-28 15:52:06,081 - pytorch_pretrained_bert.tokenization - INFO - loading vocabulary file legal_judgment_prediction/bert/vocab.txt
2022-04-28 15:52:06,095 - pytorch_pretrained_bert.tokenization - INFO - loading vocabulary file legal_judgment_prediction/bert/vocab.txt
2022-04-28 15:52:06,110 - pytorch_pretrained_bert.tokenization - INFO - loading vocabulary file legal_judgment_prediction/bert/vocab.txt
2022-04-28 15:52:06,125 - pytorch_pretrained_bert.tokenization - INFO - loading vocabulary file legal_judgment_prediction/bert/vocab.txt
2022-04-28 15:52:06,140 - pytorch_pretrained_bert.tokenization - INFO - loading vocabulary file legal_judgment_prediction/bert/vocab.txt
2022-04-28 15:52:06,155 - pytorch_pretrained_bert.tokenization - INFO - loading vocabulary file legal_judgment_prediction/bert/vocab.txt
2022-04-28 15:52:06,169 - pytorch_pretrained_bert.tokenization - INFO - loading vocabulary file legal_judgment_prediction/bert/vocab.txt
2022-04-28 15:52:06,184 - pytorch_pretrained_bert.tokenization - INFO - loading vocabulary file legal_judgment_prediction/bert/vocab.txt
2022-04-28 15:52:06,198 - pytorch_pretrained_bert.tokenization - INFO - loading vocabulary file legal_judgment_prediction/bert/vocab.txt
2022-04-28 15:52:06,213 - pytorch_pretrained_bert.tokenization - INFO - loading vocabulary file legal_judgment_prediction/bert/vocab.txt
2022-04-28 15:52:06,228 - pytorch_pretrained_bert.tokenization - INFO - loading vocabulary file legal_judgment_prediction/bert/vocab.txt
2022-04-28 15:52:06,242 - pytorch_pretrained_bert.tokenization - INFO - loading vocabulary file legal_judgment_prediction/bert/vocab.txt
2022-04-28 15:52:06,257 - pytorch_pretrained_bert.tokenization - INFO - loading vocabulary file legal_judgment_prediction/bert/vocab.txt
2022-04-28 15:52:06,272 - pytorch_pretrained_bert.tokenization - INFO - loading vocabulary file legal_judgment_prediction/bert/vocab.txt
2022-04-28 15:52:06,287 - pytorch_pretrained_bert.tokenization - INFO - loading vocabulary file legal_judgment_prediction/bert/vocab.txt
2022-04-28 15:52:06,302 - pytorch_pretrained_bert.tokenization - INFO - loading vocabulary file legal_judgment_prediction/bert/vocab.txt
2022-04-28 15:52:06,316 - pytorch_pretrained_bert.tokenization - INFO - loading vocabulary file legal_judgment_prediction/bert/vocab.txt
2022-04-28 15:52:06,331 - pytorch_pretrained_bert.tokenization - INFO - loading vocabulary file legal_judgment_prediction/bert/vocab.txt
2022-04-28 15:52:06,346 - pytorch_pretrained_bert.tokenization - INFO - loading vocabulary file legal_judgment_prediction/bert/vocab.txt
2022-04-28 15:52:06,361 - pytorch_pretrained_bert.tokenization - INFO - loading vocabulary file legal_judgment_prediction/bert/vocab.txt
2022-04-28 15:52:06,376 - pytorch_pretrained_bert.tokenization - INFO - loading vocabulary file legal_judgment_prediction/bert/vocab.txt
2022-04-28 15:52:06,391 - pytorch_pretrained_bert.tokenization - INFO - loading vocabulary file legal_judgment_prediction/bert/vocab.txt
2022-04-28 15:52:06,405 - pytorch_pretrained_bert.tokenization - INFO - loading vocabulary file legal_judgment_prediction/bert/vocab.txt
2022-04-28 15:52:06,420 - pytorch_pretrained_bert.tokenization - INFO - loading vocabulary file legal_judgment_prediction/bert/vocab.txt
2022-04-28 15:52:06,435 - pytorch_pretrained_bert.tokenization - INFO - loading vocabulary file legal_judgment_prediction/bert/vocab.txt
2022-04-28 15:52:06,450 - pytorch_pretrained_bert.tokenization - INFO - loading vocabulary file legal_judgment_prediction/bert/vocab.txt
2022-04-28 15:52:06,464 - pytorch_pretrained_bert.tokenization - INFO - loading vocabulary file legal_judgment_prediction/bert/vocab.txt
2022-04-28 15:52:06,479 - pytorch_pretrained_bert.tokenization - INFO - loading vocabulary file legal_judgment_prediction/bert/vocab.txt
2022-04-28 15:52:06,494 - pytorch_pretrained_bert.tokenization - INFO - loading vocabulary file legal_judgment_prediction/bert/vocab.txt
2022-04-28 15:52:06,508 - pytorch_pretrained_bert.tokenization - INFO - loading vocabulary file legal_judgment_prediction/bert/vocab.txt
2022-04-28 15:52:06,523 - pytorch_pretrained_bert.tokenization - INFO - loading vocabulary file legal_judgment_prediction/bert/vocab.txt
2022-04-28 15:52:06,537 - pytorch_pretrained_bert.tokenization - INFO - loading vocabulary file legal_judgment_prediction/bert/vocab.txt
2022-04-28 15:52:06,552 - pytorch_pretrained_bert.tokenization - INFO - loading vocabulary file legal_judgment_prediction/bert/vocab.txt
2022-04-28 15:52:06,567 - pytorch_pretrained_bert.tokenization - INFO - loading vocabulary file legal_judgment_prediction/bert/vocab.txt
2022-04-28 15:52:06,581 - pytorch_pretrained_bert.tokenization - INFO - loading vocabulary file legal_judgment_prediction/bert/vocab.txt
2022-04-28 15:52:06,596 - pytorch_pretrained_bert.tokenization - INFO - loading vocabulary file legal_judgment_prediction/bert/vocab.txt
2022-04-28 15:52:06,611 - pytorch_pretrained_bert.tokenization - INFO - loading vocabulary file legal_judgment_prediction/bert/vocab.txt
2022-04-28 15:52:06,625 - pytorch_pretrained_bert.tokenization - INFO - loading vocabulary file legal_judgment_prediction/bert/vocab.txt
2022-04-28 15:52:06,640 - pytorch_pretrained_bert.tokenization - INFO - loading vocabulary file legal_judgment_prediction/bert/vocab.txt
2022-04-28 15:52:06,655 - pytorch_pretrained_bert.tokenization - INFO - loading vocabulary file legal_judgment_prediction/bert/vocab.txt
2022-04-28 15:52:06,669 - pytorch_pretrained_bert.tokenization - INFO - loading vocabulary file legal_judgment_prediction/bert/vocab.txt
2022-04-28 15:52:06,684 - pytorch_pretrained_bert.tokenization - INFO - loading vocabulary file legal_judgment_prediction/bert/vocab.txt
2022-04-28 15:52:06,699 - pytorch_pretrained_bert.tokenization - INFO - loading vocabulary file legal_judgment_prediction/bert/vocab.txt
2022-04-28 15:52:06,713 - pytorch_pretrained_bert.tokenization - INFO - loading vocabulary file legal_judgment_prediction/bert/vocab.txt
2022-04-28 15:52:06,728 - pytorch_pretrained_bert.tokenization - INFO - loading vocabulary file legal_judgment_prediction/bert/vocab.txt
2022-04-28 15:52:06,742 - pytorch_pretrained_bert.tokenization - INFO - loading vocabulary file legal_judgment_prediction/bert/vocab.txt
2022-04-28 15:52:06,757 - pytorch_pretrained_bert.tokenization - INFO - loading vocabulary file legal_judgment_prediction/bert/vocab.txt
2022-04-28 15:52:06,771 - pytorch_pretrained_bert.tokenization - INFO - loading vocabulary file legal_judgment_prediction/bert/vocab.txt
2022-04-28 15:52:06,786 - pytorch_pretrained_bert.tokenization - INFO - loading vocabulary file legal_judgment_prediction/bert/vocab.txt
2022-04-28 15:52:06,801 - pytorch_pretrained_bert.tokenization - INFO - loading vocabulary file legal_judgment_prediction/bert/vocab.txt
2022-04-28 15:52:06,815 - pytorch_pretrained_bert.tokenization - INFO - loading vocabulary file legal_judgment_prediction/bert/vocab.txt
2022-04-28 15:52:06,830 - pytorch_pretrained_bert.tokenization - INFO - loading vocabulary file legal_judgment_prediction/bert/vocab.txt
2022-04-28 15:52:06,844 - pytorch_pretrained_bert.tokenization - INFO - loading vocabulary file legal_judgment_prediction/bert/vocab.txt
2022-04-28 15:52:06,859 - pytorch_pretrained_bert.tokenization - INFO - loading vocabulary file legal_judgment_prediction/bert/vocab.txt
2022-04-28 15:52:06,874 - pytorch_pretrained_bert.tokenization - INFO - loading vocabulary file legal_judgment_prediction/bert/vocab.txt
2022-04-28 15:52:06,890 - pytorch_pretrained_bert.tokenization - INFO - loading vocabulary file legal_judgment_prediction/bert/vocab.txt
2022-04-28 15:52:06,906 - pytorch_pretrained_bert.tokenization - INFO - loading vocabulary file legal_judgment_prediction/bert/vocab.txt
2022-04-28 15:52:06,922 - pytorch_pretrained_bert.tokenization - INFO - loading vocabulary file legal_judgment_prediction/bert/vocab.txt
2022-04-28 15:52:06,937 - pytorch_pretrained_bert.tokenization - INFO - loading vocabulary file legal_judgment_prediction/bert/vocab.txt
2022-04-28 15:52:06,953 - pytorch_pretrained_bert.tokenization - INFO - loading vocabulary file legal_judgment_prediction/bert/vocab.txt
2022-04-28 15:52:06,968 - pytorch_pretrained_bert.tokenization - INFO - loading vocabulary file legal_judgment_prediction/bert/vocab.txt
2022-04-28 15:52:06,982 - pytorch_pretrained_bert.tokenization - INFO - loading vocabulary file legal_judgment_prediction/bert/vocab.txt
2022-04-28 15:52:06,997 - pytorch_pretrained_bert.tokenization - INFO - loading vocabulary file legal_judgment_prediction/bert/vocab.txt
2022-04-28 15:52:07,011 - pytorch_pretrained_bert.tokenization - INFO - loading vocabulary file legal_judgment_prediction/bert/vocab.txt
2022-04-28 15:52:07,026 - pytorch_pretrained_bert.tokenization - INFO - loading vocabulary file legal_judgment_prediction/bert/vocab.txt
2022-04-28 15:52:07,041 - pytorch_pretrained_bert.tokenization - INFO - loading vocabulary file legal_judgment_prediction/bert/vocab.txt
2022-04-28 15:52:07,055 - pytorch_pretrained_bert.tokenization - INFO - loading vocabulary file legal_judgment_prediction/bert/vocab.txt
2022-04-28 15:52:07,070 - pytorch_pretrained_bert.tokenization - INFO - loading vocabulary file legal_judgment_prediction/bert/vocab.txt
2022-04-28 15:52:07,084 - pytorch_pretrained_bert.tokenization - INFO - loading vocabulary file legal_judgment_prediction/bert/vocab.txt
2022-04-28 15:52:07,099 - pytorch_pretrained_bert.tokenization - INFO - loading vocabulary file legal_judgment_prediction/bert/vocab.txt
2022-04-28 15:52:07,113 - pytorch_pretrained_bert.tokenization - INFO - loading vocabulary file legal_judgment_prediction/bert/vocab.txt
2022-04-28 15:52:07,128 - pytorch_pretrained_bert.tokenization - INFO - loading vocabulary file legal_judgment_prediction/bert/vocab.txt
2022-04-28 15:52:07,142 - pytorch_pretrained_bert.tokenization - INFO - loading vocabulary file legal_judgment_prediction/bert/vocab.txt
2022-04-28 15:52:07,157 - pytorch_pretrained_bert.tokenization - INFO - loading vocabulary file legal_judgment_prediction/bert/vocab.txt
2022-04-28 15:52:07,171 - pytorch_pretrained_bert.tokenization - INFO - loading vocabulary file legal_judgment_prediction/bert/vocab.txt
2022-04-28 15:52:07,186 - pytorch_pretrained_bert.tokenization - INFO - loading vocabulary file legal_judgment_prediction/bert/vocab.txt
2022-04-28 15:52:07,200 - pytorch_pretrained_bert.tokenization - INFO - loading vocabulary file legal_judgment_prediction/bert/vocab.txt
2022-04-28 15:52:07,215 - pytorch_pretrained_bert.tokenization - INFO - loading vocabulary file legal_judgment_prediction/bert/vocab.txt
2022-04-28 15:52:07,230 - pytorch_pretrained_bert.tokenization - INFO - loading vocabulary file legal_judgment_prediction/bert/vocab.txt
2022-04-28 15:52:07,244 - pytorch_pretrained_bert.tokenization - INFO - loading vocabulary file legal_judgment_prediction/bert/vocab.txt
2022-04-28 15:52:07,259 - pytorch_pretrained_bert.tokenization - INFO - loading vocabulary file legal_judgment_prediction/bert/vocab.txt
2022-04-28 15:52:07,274 - pytorch_pretrained_bert.tokenization - INFO - loading vocabulary file legal_judgment_prediction/bert/vocab.txt
2022-04-28 15:52:07,288 - pytorch_pretrained_bert.tokenization - INFO - loading vocabulary file legal_judgment_prediction/bert/vocab.txt
2022-04-28 15:52:07,303 - pytorch_pretrained_bert.tokenization - INFO - loading vocabulary file legal_judgment_prediction/bert/vocab.txt
2022-04-28 15:52:07,317 - pytorch_pretrained_bert.tokenization - INFO - loading vocabulary file legal_judgment_prediction/bert/vocab.txt
2022-04-28 15:52:07,332 - pytorch_pretrained_bert.tokenization - INFO - loading vocabulary file legal_judgment_prediction/bert/vocab.txt
2022-04-28 15:52:07,346 - pytorch_pretrained_bert.tokenization - INFO - loading vocabulary file legal_judgment_prediction/bert/vocab.txt
2022-04-28 15:52:07,361 - pytorch_pretrained_bert.tokenization - INFO - loading vocabulary file legal_judgment_prediction/bert/vocab.txt
2022-04-28 15:52:07,376 - pytorch_pretrained_bert.tokenization - INFO - loading vocabulary file legal_judgment_prediction/bert/vocab.txt
2022-04-28 15:52:07,390 - pytorch_pretrained_bert.tokenization - INFO - loading vocabulary file legal_judgment_prediction/bert/vocab.txt
2022-04-28 15:52:07,405 - pytorch_pretrained_bert.tokenization - INFO - loading vocabulary file legal_judgment_prediction/bert/vocab.txt
2022-04-28 15:52:07,419 - pytorch_pretrained_bert.tokenization - INFO - loading vocabulary file legal_judgment_prediction/bert/vocab.txt
2022-04-28 15:52:07,434 - pytorch_pretrained_bert.tokenization - INFO - loading vocabulary file legal_judgment_prediction/bert/vocab.txt
2022-04-28 15:52:07,448 - pytorch_pretrained_bert.tokenization - INFO - loading vocabulary file legal_judgment_prediction/bert/vocab.txt
2022-04-28 15:52:07,463 - pytorch_pretrained_bert.tokenization - INFO - loading vocabulary file legal_judgment_prediction/bert/vocab.txt
2022-04-28 15:52:07,477 - pytorch_pretrained_bert.tokenization - INFO - loading vocabulary file legal_judgment_prediction/bert/vocab.txt
2022-04-28 15:52:07,491 - pytorch_pretrained_bert.tokenization - INFO - loading vocabulary file legal_judgment_prediction/bert/vocab.txt
2022-04-28 15:52:07,506 - pytorch_pretrained_bert.tokenization - INFO - loading vocabulary file legal_judgment_prediction/bert/vocab.txt
2022-04-28 15:52:07,520 - pytorch_pretrained_bert.tokenization - INFO - loading vocabulary file legal_judgment_prediction/bert/vocab.txt
2022-04-28 15:52:07,534 - pytorch_pretrained_bert.tokenization - INFO - loading vocabulary file legal_judgment_prediction/bert/vocab.txt
2022-04-28 15:52:07,549 - pytorch_pretrained_bert.tokenization - INFO - loading vocabulary file legal_judgment_prediction/bert/vocab.txt
2022-04-28 15:52:07,564 - pytorch_pretrained_bert.tokenization - INFO - loading vocabulary file legal_judgment_prediction/bert/vocab.txt
2022-04-28 15:52:07,578 - pytorch_pretrained_bert.tokenization - INFO - loading vocabulary file legal_judgment_prediction/bert/vocab.txt
2022-04-28 15:52:07,593 - pytorch_pretrained_bert.tokenization - INFO - loading vocabulary file legal_judgment_prediction/bert/vocab.txt
2022-04-28 15:52:07,607 - pytorch_pretrained_bert.tokenization - INFO - loading vocabulary file legal_judgment_prediction/bert/vocab.txt
2022-04-28 15:52:07,622 - pytorch_pretrained_bert.tokenization - INFO - loading vocabulary file legal_judgment_prediction/bert/vocab.txt
2022-04-28 15:52:07,636 - pytorch_pretrained_bert.tokenization - INFO - loading vocabulary file legal_judgment_prediction/bert/vocab.txt
2022-04-28 15:52:07,651 - pytorch_pretrained_bert.tokenization - INFO - loading vocabulary file legal_judgment_prediction/bert/vocab.txt
2022-04-28 15:52:07,665 - pytorch_pretrained_bert.tokenization - INFO - loading vocabulary file legal_judgment_prediction/bert/vocab.txt
2022-04-28 15:52:07,680 - pytorch_pretrained_bert.tokenization - INFO - loading vocabulary file legal_judgment_prediction/bert/vocab.txt
2022-04-28 15:52:07,695 - pytorch_pretrained_bert.tokenization - INFO - loading vocabulary file legal_judgment_prediction/bert/vocab.txt
2022-04-28 15:52:07,709 - pytorch_pretrained_bert.tokenization - INFO - loading vocabulary file legal_judgment_prediction/bert/vocab.txt
2022-04-28 15:52:07,723 - pytorch_pretrained_bert.tokenization - INFO - loading vocabulary file legal_judgment_prediction/bert/vocab.txt
2022-04-28 15:52:07,738 - pytorch_pretrained_bert.tokenization - INFO - loading vocabulary file legal_judgment_prediction/bert/vocab.txt
2022-04-28 15:52:07,752 - legal_judgment_prediction.tools.serve.serve - INFO - Get tables done...
2022-04-28 15:52:22,484 - pytorch_pretrained_bert.tokenization - INFO - loading vocabulary file legal_judgment_prediction/bert/vocab.txt
2022-04-28 15:53:05,109 - pytorch_pretrained_bert.tokenization - INFO - loading vocabulary file legal_judgment_prediction/bert/vocab.txt
2022-04-28 15:53:16,318 - root - INFO - main.py -c legal_judgment_prediction/config.ini -g GPU-7444f9b3-c077-071d-8496-422656b95fe8 -m serve --checkpoint legal_judgment_prediction/results/Bert/2.pkl --open_socket
2022-04-28 15:53:16,329 - root - INFO - CUDA available: True
2022-04-28 15:53:16,329 - legal_judgment_prediction.tools.initialize - INFO - Begin to initialize model.
2022-04-28 15:53:16,330 - pytorch_pretrained_bert.modeling - INFO - loading archive file legal_judgment_prediction/bert
2022-04-28 15:53:16,330 - pytorch_pretrained_bert.modeling - INFO - Model config {
  "architectures": [
    "BertForMaskedLM"
  ],
  "attention_probs_dropout_prob": 0.1,
  "directionality": "bidi",
  "hidden_act": "gelu",
  "hidden_dropout_prob": 0.1,
  "hidden_size": 768,
  "initializer_range": 0.02,
  "intermediate_size": 3072,
  "layer_norm_eps": 1e-12,
  "max_position_embeddings": 512,
  "model_type": "bert",
  "num_attention_heads": 12,
  "num_hidden_layers": 12,
  "pad_token_id": 0,
  "pooler_fc_size": 768,
  "pooler_num_attention_heads": 12,
  "pooler_num_fc_layers": 3,
  "pooler_size_per_head": 128,
  "pooler_type": "first_token_transform",
  "type_vocab_size": 2,
  "vocab_size": 21128
}

2022-04-28 15:53:18,842 - legal_judgment_prediction.tools.initialize - INFO - Begin to initialize dataset.
2022-04-28 15:53:19,459 - legal_judgment_prediction.tools.initialize - INFO - Initialize done.
2022-04-28 15:53:19,461 - legal_judgment_prediction.tools.serve.serve - INFO - Socket server launched.
2022-04-28 15:53:19,461 - legal_judgment_prediction.tools.serve.serve - INFO - Server thread launched.
2022-04-28 15:53:19,463 - legal_judgment_prediction.tools.serve.utils - INFO - Begin to get tables...
2022-04-28 15:53:19,463 - legal_judgment_prediction.tools.serve.utils - INFO - Client thread launched.
2022-04-28 15:53:19,464 - urllib3.connectionpool - DEBUG - Starting new HTTPS connection (1): api.line.me:443
2022-04-28 15:53:19,465 - pytorch_pretrained_bert.tokenization - INFO - loading vocabulary file legal_judgment_prediction/bert/vocab.txt
2022-04-28 15:53:19,481 - pytorch_pretrained_bert.tokenization - INFO - loading vocabulary file legal_judgment_prediction/bert/vocab.txt
2022-04-28 15:53:19,497 - pytorch_pretrained_bert.tokenization - INFO - loading vocabulary file legal_judgment_prediction/bert/vocab.txt
2022-04-28 15:53:19,513 - pytorch_pretrained_bert.tokenization - INFO - loading vocabulary file legal_judgment_prediction/bert/vocab.txt
2022-04-28 15:53:19,528 - pytorch_pretrained_bert.tokenization - INFO - loading vocabulary file legal_judgment_prediction/bert/vocab.txt
2022-04-28 15:53:19,544 - pytorch_pretrained_bert.tokenization - INFO - loading vocabulary file legal_judgment_prediction/bert/vocab.txt
2022-04-28 15:53:19,559 - pytorch_pretrained_bert.tokenization - INFO - loading vocabulary file legal_judgment_prediction/bert/vocab.txt
2022-04-28 15:53:19,573 - pytorch_pretrained_bert.tokenization - INFO - loading vocabulary file legal_judgment_prediction/bert/vocab.txt
2022-04-28 15:53:19,588 - pytorch_pretrained_bert.tokenization - INFO - loading vocabulary file legal_judgment_prediction/bert/vocab.txt
2022-04-28 15:53:19,602 - pytorch_pretrained_bert.tokenization - INFO - loading vocabulary file legal_judgment_prediction/bert/vocab.txt
2022-04-28 15:53:19,616 - urllib3.connectionpool - DEBUG - https://api.line.me:443 "GET /v2/bot/richmenu/list HTTP/1.1" 200 16
2022-04-28 15:53:19,619 - pytorch_pretrained_bert.tokenization - INFO - loading vocabulary file legal_judgment_prediction/bert/vocab.txt
2022-04-28 15:53:19,634 - pytorch_pretrained_bert.tokenization - INFO - loading vocabulary file legal_judgment_prediction/bert/vocab.txt
2022-04-28 15:53:19,649 - pytorch_pretrained_bert.tokenization - INFO - loading vocabulary file legal_judgment_prediction/bert/vocab.txt
2022-04-28 15:53:19,663 - pytorch_pretrained_bert.tokenization - INFO - loading vocabulary file legal_judgment_prediction/bert/vocab.txt
2022-04-28 15:53:19,677 - pytorch_pretrained_bert.tokenization - INFO - loading vocabulary file legal_judgment_prediction/bert/vocab.txt
2022-04-28 15:53:19,692 - pytorch_pretrained_bert.tokenization - INFO - loading vocabulary file legal_judgment_prediction/bert/vocab.txt
2022-04-28 15:53:19,706 - pytorch_pretrained_bert.tokenization - INFO - loading vocabulary file legal_judgment_prediction/bert/vocab.txt
2022-04-28 15:53:19,721 - pytorch_pretrained_bert.tokenization - INFO - loading vocabulary file legal_judgment_prediction/bert/vocab.txt
2022-04-28 15:53:19,735 - pytorch_pretrained_bert.tokenization - INFO - loading vocabulary file legal_judgment_prediction/bert/vocab.txt
2022-04-28 15:53:19,749 - pytorch_pretrained_bert.tokenization - INFO - loading vocabulary file legal_judgment_prediction/bert/vocab.txt
2022-04-28 15:53:19,764 - pytorch_pretrained_bert.tokenization - INFO - loading vocabulary file legal_judgment_prediction/bert/vocab.txt
2022-04-28 15:53:19,778 - pytorch_pretrained_bert.tokenization - INFO - loading vocabulary file legal_judgment_prediction/bert/vocab.txt
2022-04-28 15:53:19,792 - pytorch_pretrained_bert.tokenization - INFO - loading vocabulary file legal_judgment_prediction/bert/vocab.txt
2022-04-28 15:53:19,807 - pytorch_pretrained_bert.tokenization - INFO - loading vocabulary file legal_judgment_prediction/bert/vocab.txt
2022-04-28 15:53:19,821 - pytorch_pretrained_bert.tokenization - INFO - loading vocabulary file legal_judgment_prediction/bert/vocab.txt
2022-04-28 15:53:19,836 - pytorch_pretrained_bert.tokenization - INFO - loading vocabulary file legal_judgment_prediction/bert/vocab.txt
2022-04-28 15:53:19,851 - pytorch_pretrained_bert.tokenization - INFO - loading vocabulary file legal_judgment_prediction/bert/vocab.txt
2022-04-28 15:53:19,867 - pytorch_pretrained_bert.tokenization - INFO - loading vocabulary file legal_judgment_prediction/bert/vocab.txt
2022-04-28 15:53:19,882 - pytorch_pretrained_bert.tokenization - INFO - loading vocabulary file legal_judgment_prediction/bert/vocab.txt
2022-04-28 15:53:19,898 - pytorch_pretrained_bert.tokenization - INFO - loading vocabulary file legal_judgment_prediction/bert/vocab.txt
2022-04-28 15:53:19,913 - pytorch_pretrained_bert.tokenization - INFO - loading vocabulary file legal_judgment_prediction/bert/vocab.txt
2022-04-28 15:53:19,927 - pytorch_pretrained_bert.tokenization - INFO - loading vocabulary file legal_judgment_prediction/bert/vocab.txt
2022-04-28 15:53:19,942 - pytorch_pretrained_bert.tokenization - INFO - loading vocabulary file legal_judgment_prediction/bert/vocab.txt
2022-04-28 15:53:19,956 - pytorch_pretrained_bert.tokenization - INFO - loading vocabulary file legal_judgment_prediction/bert/vocab.txt
2022-04-28 15:53:19,970 - pytorch_pretrained_bert.tokenization - INFO - loading vocabulary file legal_judgment_prediction/bert/vocab.txt
2022-04-28 15:53:19,985 - pytorch_pretrained_bert.tokenization - INFO - loading vocabulary file legal_judgment_prediction/bert/vocab.txt
2022-04-28 15:53:19,999 - pytorch_pretrained_bert.tokenization - INFO - loading vocabulary file legal_judgment_prediction/bert/vocab.txt
2022-04-28 15:53:20,014 - pytorch_pretrained_bert.tokenization - INFO - loading vocabulary file legal_judgment_prediction/bert/vocab.txt
2022-04-28 15:53:20,028 - pytorch_pretrained_bert.tokenization - INFO - loading vocabulary file legal_judgment_prediction/bert/vocab.txt
2022-04-28 15:53:20,043 - pytorch_pretrained_bert.tokenization - INFO - loading vocabulary file legal_judgment_prediction/bert/vocab.txt
2022-04-28 15:53:20,057 - pytorch_pretrained_bert.tokenization - INFO - loading vocabulary file legal_judgment_prediction/bert/vocab.txt
2022-04-28 15:53:20,072 - pytorch_pretrained_bert.tokenization - INFO - loading vocabulary file legal_judgment_prediction/bert/vocab.txt
2022-04-28 15:53:20,087 - pytorch_pretrained_bert.tokenization - INFO - loading vocabulary file legal_judgment_prediction/bert/vocab.txt
2022-04-28 15:53:20,101 - pytorch_pretrained_bert.tokenization - INFO - loading vocabulary file legal_judgment_prediction/bert/vocab.txt
2022-04-28 15:53:20,115 - pytorch_pretrained_bert.tokenization - INFO - loading vocabulary file legal_judgment_prediction/bert/vocab.txt
2022-04-28 15:53:20,130 - pytorch_pretrained_bert.tokenization - INFO - loading vocabulary file legal_judgment_prediction/bert/vocab.txt
2022-04-28 15:53:20,144 - pytorch_pretrained_bert.tokenization - INFO - loading vocabulary file legal_judgment_prediction/bert/vocab.txt
2022-04-28 15:53:20,159 - pytorch_pretrained_bert.tokenization - INFO - loading vocabulary file legal_judgment_prediction/bert/vocab.txt
2022-04-28 15:53:20,173 - pytorch_pretrained_bert.tokenization - INFO - loading vocabulary file legal_judgment_prediction/bert/vocab.txt
2022-04-28 15:53:20,188 - pytorch_pretrained_bert.tokenization - INFO - loading vocabulary file legal_judgment_prediction/bert/vocab.txt
2022-04-28 15:53:20,202 - pytorch_pretrained_bert.tokenization - INFO - loading vocabulary file legal_judgment_prediction/bert/vocab.txt
2022-04-28 15:53:20,216 - pytorch_pretrained_bert.tokenization - INFO - loading vocabulary file legal_judgment_prediction/bert/vocab.txt
2022-04-28 15:53:20,231 - pytorch_pretrained_bert.tokenization - INFO - loading vocabulary file legal_judgment_prediction/bert/vocab.txt
2022-04-28 15:53:20,245 - pytorch_pretrained_bert.tokenization - INFO - loading vocabulary file legal_judgment_prediction/bert/vocab.txt
2022-04-28 15:53:20,260 - pytorch_pretrained_bert.tokenization - INFO - loading vocabulary file legal_judgment_prediction/bert/vocab.txt
2022-04-28 15:53:20,274 - pytorch_pretrained_bert.tokenization - INFO - loading vocabulary file legal_judgment_prediction/bert/vocab.txt
2022-04-28 15:53:20,288 - pytorch_pretrained_bert.tokenization - INFO - loading vocabulary file legal_judgment_prediction/bert/vocab.txt
2022-04-28 15:53:20,302 - pytorch_pretrained_bert.tokenization - INFO - loading vocabulary file legal_judgment_prediction/bert/vocab.txt
2022-04-28 15:53:20,317 - pytorch_pretrained_bert.tokenization - INFO - loading vocabulary file legal_judgment_prediction/bert/vocab.txt
2022-04-28 15:53:20,332 - pytorch_pretrained_bert.tokenization - INFO - loading vocabulary file legal_judgment_prediction/bert/vocab.txt
2022-04-28 15:53:20,348 - pytorch_pretrained_bert.tokenization - INFO - loading vocabulary file legal_judgment_prediction/bert/vocab.txt
2022-04-28 15:53:20,362 - pytorch_pretrained_bert.tokenization - INFO - loading vocabulary file legal_judgment_prediction/bert/vocab.txt
2022-04-28 15:53:20,377 - pytorch_pretrained_bert.tokenization - INFO - loading vocabulary file legal_judgment_prediction/bert/vocab.txt
2022-04-28 15:53:20,391 - pytorch_pretrained_bert.tokenization - INFO - loading vocabulary file legal_judgment_prediction/bert/vocab.txt
2022-04-28 15:53:20,406 - pytorch_pretrained_bert.tokenization - INFO - loading vocabulary file legal_judgment_prediction/bert/vocab.txt
2022-04-28 15:53:20,420 - pytorch_pretrained_bert.tokenization - INFO - loading vocabulary file legal_judgment_prediction/bert/vocab.txt
2022-04-28 15:53:20,434 - pytorch_pretrained_bert.tokenization - INFO - loading vocabulary file legal_judgment_prediction/bert/vocab.txt
2022-04-28 15:53:20,449 - pytorch_pretrained_bert.tokenization - INFO - loading vocabulary file legal_judgment_prediction/bert/vocab.txt
2022-04-28 15:53:20,463 - pytorch_pretrained_bert.tokenization - INFO - loading vocabulary file legal_judgment_prediction/bert/vocab.txt
2022-04-28 15:53:20,477 - pytorch_pretrained_bert.tokenization - INFO - loading vocabulary file legal_judgment_prediction/bert/vocab.txt
2022-04-28 15:53:20,491 - pytorch_pretrained_bert.tokenization - INFO - loading vocabulary file legal_judgment_prediction/bert/vocab.txt
2022-04-28 15:53:20,506 - pytorch_pretrained_bert.tokenization - INFO - loading vocabulary file legal_judgment_prediction/bert/vocab.txt
2022-04-28 15:53:20,520 - pytorch_pretrained_bert.tokenization - INFO - loading vocabulary file legal_judgment_prediction/bert/vocab.txt
2022-04-28 15:53:20,534 - pytorch_pretrained_bert.tokenization - INFO - loading vocabulary file legal_judgment_prediction/bert/vocab.txt
2022-04-28 15:53:20,549 - pytorch_pretrained_bert.tokenization - INFO - loading vocabulary file legal_judgment_prediction/bert/vocab.txt
2022-04-28 15:53:20,563 - pytorch_pretrained_bert.tokenization - INFO - loading vocabulary file legal_judgment_prediction/bert/vocab.txt
2022-04-28 15:53:20,577 - pytorch_pretrained_bert.tokenization - INFO - loading vocabulary file legal_judgment_prediction/bert/vocab.txt
2022-04-28 15:53:20,592 - pytorch_pretrained_bert.tokenization - INFO - loading vocabulary file legal_judgment_prediction/bert/vocab.txt
2022-04-28 15:53:20,606 - pytorch_pretrained_bert.tokenization - INFO - loading vocabulary file legal_judgment_prediction/bert/vocab.txt
2022-04-28 15:53:20,620 - pytorch_pretrained_bert.tokenization - INFO - loading vocabulary file legal_judgment_prediction/bert/vocab.txt
2022-04-28 15:53:20,635 - pytorch_pretrained_bert.tokenization - INFO - loading vocabulary file legal_judgment_prediction/bert/vocab.txt
2022-04-28 15:53:20,650 - pytorch_pretrained_bert.tokenization - INFO - loading vocabulary file legal_judgment_prediction/bert/vocab.txt
2022-04-28 15:53:20,664 - pytorch_pretrained_bert.tokenization - INFO - loading vocabulary file legal_judgment_prediction/bert/vocab.txt
2022-04-28 15:53:20,678 - pytorch_pretrained_bert.tokenization - INFO - loading vocabulary file legal_judgment_prediction/bert/vocab.txt
2022-04-28 15:53:20,692 - pytorch_pretrained_bert.tokenization - INFO - loading vocabulary file legal_judgment_prediction/bert/vocab.txt
2022-04-28 15:53:20,706 - pytorch_pretrained_bert.tokenization - INFO - loading vocabulary file legal_judgment_prediction/bert/vocab.txt
2022-04-28 15:53:20,720 - pytorch_pretrained_bert.tokenization - INFO - loading vocabulary file legal_judgment_prediction/bert/vocab.txt
2022-04-28 15:53:20,735 - pytorch_pretrained_bert.tokenization - INFO - loading vocabulary file legal_judgment_prediction/bert/vocab.txt
2022-04-28 15:53:20,749 - pytorch_pretrained_bert.tokenization - INFO - loading vocabulary file legal_judgment_prediction/bert/vocab.txt
2022-04-28 15:53:20,763 - pytorch_pretrained_bert.tokenization - INFO - loading vocabulary file legal_judgment_prediction/bert/vocab.txt
2022-04-28 15:53:20,777 - pytorch_pretrained_bert.tokenization - INFO - loading vocabulary file legal_judgment_prediction/bert/vocab.txt
2022-04-28 15:53:20,791 - pytorch_pretrained_bert.tokenization - INFO - loading vocabulary file legal_judgment_prediction/bert/vocab.txt
2022-04-28 15:53:20,805 - pytorch_pretrained_bert.tokenization - INFO - loading vocabulary file legal_judgment_prediction/bert/vocab.txt
2022-04-28 15:53:20,819 - pytorch_pretrained_bert.tokenization - INFO - loading vocabulary file legal_judgment_prediction/bert/vocab.txt
2022-04-28 15:53:20,834 - pytorch_pretrained_bert.tokenization - INFO - loading vocabulary file legal_judgment_prediction/bert/vocab.txt
2022-04-28 15:53:20,848 - pytorch_pretrained_bert.tokenization - INFO - loading vocabulary file legal_judgment_prediction/bert/vocab.txt
2022-04-28 15:53:20,862 - pytorch_pretrained_bert.tokenization - INFO - loading vocabulary file legal_judgment_prediction/bert/vocab.txt
2022-04-28 15:53:20,876 - pytorch_pretrained_bert.tokenization - INFO - loading vocabulary file legal_judgment_prediction/bert/vocab.txt
2022-04-28 15:53:20,890 - pytorch_pretrained_bert.tokenization - INFO - loading vocabulary file legal_judgment_prediction/bert/vocab.txt
2022-04-28 15:53:20,904 - pytorch_pretrained_bert.tokenization - INFO - loading vocabulary file legal_judgment_prediction/bert/vocab.txt
2022-04-28 15:53:20,918 - pytorch_pretrained_bert.tokenization - INFO - loading vocabulary file legal_judgment_prediction/bert/vocab.txt
2022-04-28 15:53:20,932 - pytorch_pretrained_bert.tokenization - INFO - loading vocabulary file legal_judgment_prediction/bert/vocab.txt
2022-04-28 15:53:20,946 - pytorch_pretrained_bert.tokenization - INFO - loading vocabulary file legal_judgment_prediction/bert/vocab.txt
2022-04-28 15:53:20,960 - pytorch_pretrained_bert.tokenization - INFO - loading vocabulary file legal_judgment_prediction/bert/vocab.txt
2022-04-28 15:53:20,974 - pytorch_pretrained_bert.tokenization - INFO - loading vocabulary file legal_judgment_prediction/bert/vocab.txt
2022-04-28 15:53:20,988 - pytorch_pretrained_bert.tokenization - INFO - loading vocabulary file legal_judgment_prediction/bert/vocab.txt
2022-04-28 15:53:21,003 - pytorch_pretrained_bert.tokenization - INFO - loading vocabulary file legal_judgment_prediction/bert/vocab.txt
2022-04-28 15:53:21,016 - pytorch_pretrained_bert.tokenization - INFO - loading vocabulary file legal_judgment_prediction/bert/vocab.txt
2022-04-28 15:53:21,031 - pytorch_pretrained_bert.tokenization - INFO - loading vocabulary file legal_judgment_prediction/bert/vocab.txt
2022-04-28 15:53:21,044 - pytorch_pretrained_bert.tokenization - INFO - loading vocabulary file legal_judgment_prediction/bert/vocab.txt
2022-04-28 15:53:21,058 - pytorch_pretrained_bert.tokenization - INFO - loading vocabulary file legal_judgment_prediction/bert/vocab.txt
2022-04-28 15:53:21,072 - pytorch_pretrained_bert.tokenization - INFO - loading vocabulary file legal_judgment_prediction/bert/vocab.txt
2022-04-28 15:53:21,087 - pytorch_pretrained_bert.tokenization - INFO - loading vocabulary file legal_judgment_prediction/bert/vocab.txt
2022-04-28 15:53:21,100 - pytorch_pretrained_bert.tokenization - INFO - loading vocabulary file legal_judgment_prediction/bert/vocab.txt
2022-04-28 15:53:21,114 - pytorch_pretrained_bert.tokenization - INFO - loading vocabulary file legal_judgment_prediction/bert/vocab.txt
2022-04-28 15:53:21,128 - pytorch_pretrained_bert.tokenization - INFO - loading vocabulary file legal_judgment_prediction/bert/vocab.txt
2022-04-28 15:53:21,142 - pytorch_pretrained_bert.tokenization - INFO - loading vocabulary file legal_judgment_prediction/bert/vocab.txt
2022-04-28 15:53:21,156 - pytorch_pretrained_bert.tokenization - INFO - loading vocabulary file legal_judgment_prediction/bert/vocab.txt
2022-04-28 15:53:21,170 - pytorch_pretrained_bert.tokenization - INFO - loading vocabulary file legal_judgment_prediction/bert/vocab.txt
2022-04-28 15:53:21,184 - pytorch_pretrained_bert.tokenization - INFO - loading vocabulary file legal_judgment_prediction/bert/vocab.txt
2022-04-28 15:53:21,198 - pytorch_pretrained_bert.tokenization - INFO - loading vocabulary file legal_judgment_prediction/bert/vocab.txt
2022-04-28 15:53:21,212 - pytorch_pretrained_bert.tokenization - INFO - loading vocabulary file legal_judgment_prediction/bert/vocab.txt
2022-04-28 15:53:21,226 - pytorch_pretrained_bert.tokenization - INFO - loading vocabulary file legal_judgment_prediction/bert/vocab.txt
2022-04-28 15:53:21,240 - pytorch_pretrained_bert.tokenization - INFO - loading vocabulary file legal_judgment_prediction/bert/vocab.txt
2022-04-28 15:53:21,254 - pytorch_pretrained_bert.tokenization - INFO - loading vocabulary file legal_judgment_prediction/bert/vocab.txt
2022-04-28 15:53:21,268 - pytorch_pretrained_bert.tokenization - INFO - loading vocabulary file legal_judgment_prediction/bert/vocab.txt
2022-04-28 15:53:21,282 - pytorch_pretrained_bert.tokenization - INFO - loading vocabulary file legal_judgment_prediction/bert/vocab.txt
2022-04-28 15:53:21,296 - pytorch_pretrained_bert.tokenization - INFO - loading vocabulary file legal_judgment_prediction/bert/vocab.txt
2022-04-28 15:53:21,310 - pytorch_pretrained_bert.tokenization - INFO - loading vocabulary file legal_judgment_prediction/bert/vocab.txt
2022-04-28 15:53:21,324 - pytorch_pretrained_bert.tokenization - INFO - loading vocabulary file legal_judgment_prediction/bert/vocab.txt
2022-04-28 15:53:21,338 - pytorch_pretrained_bert.tokenization - INFO - loading vocabulary file legal_judgment_prediction/bert/vocab.txt
2022-04-28 15:53:21,352 - pytorch_pretrained_bert.tokenization - INFO - loading vocabulary file legal_judgment_prediction/bert/vocab.txt
2022-04-28 15:53:21,366 - pytorch_pretrained_bert.tokenization - INFO - loading vocabulary file legal_judgment_prediction/bert/vocab.txt
2022-04-28 15:53:21,380 - pytorch_pretrained_bert.tokenization - INFO - loading vocabulary file legal_judgment_prediction/bert/vocab.txt
2022-04-28 15:53:21,394 - pytorch_pretrained_bert.tokenization - INFO - loading vocabulary file legal_judgment_prediction/bert/vocab.txt
2022-04-28 15:53:21,407 - pytorch_pretrained_bert.tokenization - INFO - loading vocabulary file legal_judgment_prediction/bert/vocab.txt
2022-04-28 15:53:21,421 - pytorch_pretrained_bert.tokenization - INFO - loading vocabulary file legal_judgment_prediction/bert/vocab.txt
2022-04-28 15:53:21,435 - pytorch_pretrained_bert.tokenization - INFO - loading vocabulary file legal_judgment_prediction/bert/vocab.txt
2022-04-28 15:53:21,449 - pytorch_pretrained_bert.tokenization - INFO - loading vocabulary file legal_judgment_prediction/bert/vocab.txt
2022-04-28 15:53:21,463 - pytorch_pretrained_bert.tokenization - INFO - loading vocabulary file legal_judgment_prediction/bert/vocab.txt
2022-04-28 15:53:21,477 - pytorch_pretrained_bert.tokenization - INFO - loading vocabulary file legal_judgment_prediction/bert/vocab.txt
2022-04-28 15:53:21,490 - pytorch_pretrained_bert.tokenization - INFO - loading vocabulary file legal_judgment_prediction/bert/vocab.txt
2022-04-28 15:53:21,504 - pytorch_pretrained_bert.tokenization - INFO - loading vocabulary file legal_judgment_prediction/bert/vocab.txt
2022-04-28 15:53:21,518 - pytorch_pretrained_bert.tokenization - INFO - loading vocabulary file legal_judgment_prediction/bert/vocab.txt
2022-04-28 15:53:21,532 - pytorch_pretrained_bert.tokenization - INFO - loading vocabulary file legal_judgment_prediction/bert/vocab.txt
2022-04-28 15:53:21,546 - pytorch_pretrained_bert.tokenization - INFO - loading vocabulary file legal_judgment_prediction/bert/vocab.txt
2022-04-28 15:53:21,560 - pytorch_pretrained_bert.tokenization - INFO - loading vocabulary file legal_judgment_prediction/bert/vocab.txt
2022-04-28 15:53:21,574 - pytorch_pretrained_bert.tokenization - INFO - loading vocabulary file legal_judgment_prediction/bert/vocab.txt
2022-04-28 15:53:21,588 - pytorch_pretrained_bert.tokenization - INFO - loading vocabulary file legal_judgment_prediction/bert/vocab.txt
2022-04-28 15:53:21,602 - pytorch_pretrained_bert.tokenization - INFO - loading vocabulary file legal_judgment_prediction/bert/vocab.txt
2022-04-28 15:53:21,616 - pytorch_pretrained_bert.tokenization - INFO - loading vocabulary file legal_judgment_prediction/bert/vocab.txt
2022-04-28 15:53:21,630 - pytorch_pretrained_bert.tokenization - INFO - loading vocabulary file legal_judgment_prediction/bert/vocab.txt
2022-04-28 15:53:21,644 - pytorch_pretrained_bert.tokenization - INFO - loading vocabulary file legal_judgment_prediction/bert/vocab.txt
2022-04-28 15:53:21,658 - pytorch_pretrained_bert.tokenization - INFO - loading vocabulary file legal_judgment_prediction/bert/vocab.txt
2022-04-28 15:53:21,671 - pytorch_pretrained_bert.tokenization - INFO - loading vocabulary file legal_judgment_prediction/bert/vocab.txt
2022-04-28 15:53:21,685 - pytorch_pretrained_bert.tokenization - INFO - loading vocabulary file legal_judgment_prediction/bert/vocab.txt
2022-04-28 15:53:21,699 - pytorch_pretrained_bert.tokenization - INFO - loading vocabulary file legal_judgment_prediction/bert/vocab.txt
2022-04-28 15:53:21,713 - pytorch_pretrained_bert.tokenization - INFO - loading vocabulary file legal_judgment_prediction/bert/vocab.txt
2022-04-28 15:53:21,727 - pytorch_pretrained_bert.tokenization - INFO - loading vocabulary file legal_judgment_prediction/bert/vocab.txt
2022-04-28 15:53:21,741 - pytorch_pretrained_bert.tokenization - INFO - loading vocabulary file legal_judgment_prediction/bert/vocab.txt
2022-04-28 15:53:21,755 - pytorch_pretrained_bert.tokenization - INFO - loading vocabulary file legal_judgment_prediction/bert/vocab.txt
2022-04-28 15:53:21,769 - pytorch_pretrained_bert.tokenization - INFO - loading vocabulary file legal_judgment_prediction/bert/vocab.txt
2022-04-28 15:53:21,783 - pytorch_pretrained_bert.tokenization - INFO - loading vocabulary file legal_judgment_prediction/bert/vocab.txt
2022-04-28 15:53:21,796 - pytorch_pretrained_bert.tokenization - INFO - loading vocabulary file legal_judgment_prediction/bert/vocab.txt
2022-04-28 15:53:21,810 - pytorch_pretrained_bert.tokenization - INFO - loading vocabulary file legal_judgment_prediction/bert/vocab.txt
2022-04-28 15:53:21,824 - pytorch_pretrained_bert.tokenization - INFO - loading vocabulary file legal_judgment_prediction/bert/vocab.txt
2022-04-28 15:53:21,838 - pytorch_pretrained_bert.tokenization - INFO - loading vocabulary file legal_judgment_prediction/bert/vocab.txt
2022-04-28 15:53:21,852 - pytorch_pretrained_bert.tokenization - INFO - loading vocabulary file legal_judgment_prediction/bert/vocab.txt
2022-04-28 15:53:21,866 - pytorch_pretrained_bert.tokenization - INFO - loading vocabulary file legal_judgment_prediction/bert/vocab.txt
2022-04-28 15:53:21,880 - pytorch_pretrained_bert.tokenization - INFO - loading vocabulary file legal_judgment_prediction/bert/vocab.txt
2022-04-28 15:53:21,894 - pytorch_pretrained_bert.tokenization - INFO - loading vocabulary file legal_judgment_prediction/bert/vocab.txt
2022-04-28 15:53:21,908 - pytorch_pretrained_bert.tokenization - INFO - loading vocabulary file legal_judgment_prediction/bert/vocab.txt
2022-04-28 15:53:21,922 - pytorch_pretrained_bert.tokenization - INFO - loading vocabulary file legal_judgment_prediction/bert/vocab.txt
2022-04-28 15:53:21,936 - pytorch_pretrained_bert.tokenization - INFO - loading vocabulary file legal_judgment_prediction/bert/vocab.txt
2022-04-28 15:53:21,950 - pytorch_pretrained_bert.tokenization - INFO - loading vocabulary file legal_judgment_prediction/bert/vocab.txt
2022-04-28 15:53:21,963 - pytorch_pretrained_bert.tokenization - INFO - loading vocabulary file legal_judgment_prediction/bert/vocab.txt
2022-04-28 15:53:21,977 - pytorch_pretrained_bert.tokenization - INFO - loading vocabulary file legal_judgment_prediction/bert/vocab.txt
2022-04-28 15:53:21,991 - pytorch_pretrained_bert.tokenization - INFO - loading vocabulary file legal_judgment_prediction/bert/vocab.txt
2022-04-28 15:53:22,006 - pytorch_pretrained_bert.tokenization - INFO - loading vocabulary file legal_judgment_prediction/bert/vocab.txt
2022-04-28 15:53:22,020 - pytorch_pretrained_bert.tokenization - INFO - loading vocabulary file legal_judgment_prediction/bert/vocab.txt
2022-04-28 15:53:22,034 - pytorch_pretrained_bert.tokenization - INFO - loading vocabulary file legal_judgment_prediction/bert/vocab.txt
2022-04-28 15:53:22,048 - pytorch_pretrained_bert.tokenization - INFO - loading vocabulary file legal_judgment_prediction/bert/vocab.txt
2022-04-28 15:53:22,062 - pytorch_pretrained_bert.tokenization - INFO - loading vocabulary file legal_judgment_prediction/bert/vocab.txt
2022-04-28 15:53:22,076 - pytorch_pretrained_bert.tokenization - INFO - loading vocabulary file legal_judgment_prediction/bert/vocab.txt
2022-04-28 15:53:22,090 - pytorch_pretrained_bert.tokenization - INFO - loading vocabulary file legal_judgment_prediction/bert/vocab.txt
2022-04-28 15:53:22,104 - pytorch_pretrained_bert.tokenization - INFO - loading vocabulary file legal_judgment_prediction/bert/vocab.txt
2022-04-28 15:53:22,118 - pytorch_pretrained_bert.tokenization - INFO - loading vocabulary file legal_judgment_prediction/bert/vocab.txt
2022-04-28 15:53:22,132 - pytorch_pretrained_bert.tokenization - INFO - loading vocabulary file legal_judgment_prediction/bert/vocab.txt
2022-04-28 15:53:22,146 - pytorch_pretrained_bert.tokenization - INFO - loading vocabulary file legal_judgment_prediction/bert/vocab.txt
2022-04-28 15:53:22,160 - pytorch_pretrained_bert.tokenization - INFO - loading vocabulary file legal_judgment_prediction/bert/vocab.txt
2022-04-28 15:53:22,174 - pytorch_pretrained_bert.tokenization - INFO - loading vocabulary file legal_judgment_prediction/bert/vocab.txt
2022-04-28 15:53:22,188 - legal_judgment_prediction.tools.serve.utils - INFO - Get tables done...
2022-04-28 15:53:33,960 - line_bot.app - INFO - Request body: {"destination":"U809481c0b6d93ba696b1d29da9118b04","events":[{"type":"message","message":{"type":"text","id":"15994153722386","text":""},"webhookEventId":"01G1QJJDTSZJQJNQ1XCK7S9YE9","deliveryContext":{"isRedelivery":false},"timestamp":1651132413274,"source":{"type":"user","userId":"Ud66eec3a98f05e54a25f4c5db69cde5e"},"replyToken":"ed06434991c5444bac4d2cea6673672e","mode":"active"}]}
2022-04-28 15:53:33,964 - legal_judgment_prediction.tools.serve.utils - INFO - 
2022-04-28 15:53:33,964 - pytorch_pretrained_bert.tokenization - INFO - loading vocabulary file legal_judgment_prediction/bert/vocab.txt
2022-04-28 15:53:34,007 - urllib3.connectionpool - DEBUG - Starting new HTTPS connection (1): api.line.me:443
2022-04-28 15:53:34,114 - urllib3.connectionpool - DEBUG - https://api.line.me:443 "POST /v2/bot/message/reply HTTP/1.1" 200 2
2022-04-28 15:53:34,119 - werkzeug - INFO - 127.0.0.1 - - [28/Apr/2022 15:53:34] "POST /callback HTTP/1.1" 200 -
2022-04-28 15:53:49,636 - line_bot.app - INFO - Request body: {"destination":"U809481c0b6d93ba696b1d29da9118b04","events":[{"type":"message","message":{"type":"text","id":"15994154940794","text":""},"webhookEventId":"01G1QJJWQJ75PHY8ER6BR2FRCG","deliveryContext":{"isRedelivery":false},"timestamp":1651132428988,"source":{"type":"user","userId":"Ud66eec3a98f05e54a25f4c5db69cde5e"},"replyToken":"09ed8d0a56344bd1b4df9be38756db65","mode":"active"}]}
2022-04-28 15:53:49,638 - legal_judgment_prediction.tools.serve.utils - INFO - 
2022-04-28 15:53:49,639 - pytorch_pretrained_bert.tokenization - INFO - loading vocabulary file legal_judgment_prediction/bert/vocab.txt
2022-04-28 15:53:49,686 - urllib3.connectionpool - DEBUG - Starting new HTTPS connection (1): api.line.me:443
2022-04-28 15:53:49,816 - urllib3.connectionpool - DEBUG - https://api.line.me:443 "POST /v2/bot/message/reply HTTP/1.1" 200 2
2022-04-28 15:53:49,821 - werkzeug - INFO - 127.0.0.1 - - [28/Apr/2022 15:53:49] "POST /callback HTTP/1.1" 200 -
2022-04-28 15:53:55,931 - line_bot.app - INFO - Request body: {"destination":"U809481c0b6d93ba696b1d29da9118b04","events":[{"type":"message","message":{"type":"text","id":"15994155431517","text":"shutdown"},"webhookEventId":"01G1QJK3ASQV2M49EV11G4C3AV","deliveryContext":{"isRedelivery":false},"timestamp":1651132435290,"source":{"type":"user","userId":"Ud66eec3a98f05e54a25f4c5db69cde5e"},"replyToken":"c6f0b2540f7d4306a5f00526d07761eb","mode":"active"}]}
2022-04-28 15:53:55,933 - werkzeug - INFO - 127.0.0.1 - - [28/Apr/2022 15:53:55] "POST /callback HTTP/1.1" 200 -
2022-04-28 15:53:55,936 - legal_judgment_prediction.tools.serve.utils - INFO - All client sockets closed.
2022-04-28 15:53:55,937 - legal_judgment_prediction.tools.serve.serve - INFO - Server socket closed.
