2022-08-21 17:51:22,993 - root - INFO - main.py -c configs/bert/config.ini -m train -g 0 -bs 8
2022-08-21 17:51:22,993 - legal_judgment_prediction.initialize - INFO - Start to initialize.
2022-08-21 17:51:22,993 - legal_judgment_prediction.initialize - INFO - CUDA available: True
2022-08-21 17:51:22,993 - legal_judgment_prediction.model.initialize - INFO - Start to initialize model.
2022-08-21 17:51:22,993 - pytorch_pretrained_bert.modeling - INFO - loading archive file models/bert-base-chinese
2022-08-21 17:51:22,994 - pytorch_pretrained_bert.modeling - INFO - Model config {
  "architectures": [
    "BertForMaskedLM"
  ],
  "attention_probs_dropout_prob": 0.1,
  "directionality": "bidi",
  "hidden_act": "gelu",
  "hidden_dropout_prob": 0.1,
  "hidden_size": 768,
  "initializer_range": 0.02,
  "intermediate_size": 3072,
  "layer_norm_eps": 1e-12,
  "max_position_embeddings": 512,
  "model_type": "bert",
  "num_attention_heads": 12,
  "num_hidden_layers": 12,
  "pad_token_id": 0,
  "pooler_fc_size": 768,
  "pooler_num_attention_heads": 12,
  "pooler_num_fc_layers": 3,
  "pooler_size_per_head": 128,
  "pooler_type": "first_token_transform",
  "type_vocab_size": 2,
  "vocab_size": 21128
}

2022-08-21 17:51:23,993 - legal_judgment_prediction.model.initialize - INFO - Initialize model successfully.
2022-08-21 17:51:23,993 - legal_judgment_prediction.initialize - INFO - Start to initialize multiple gpus.
2022-08-21 17:51:25,373 - legal_judgment_prediction.initialize - INFO - Initialize multiple gpus successfully.
2022-08-21 17:51:25,374 - legal_judgment_prediction.model.initialize - INFO - Start to initialize optimizer.
2022-08-21 17:51:25,374 - pytorch_pretrained_bert.optimization - WARNING - t_total value of -1 results in schedule not being applied
2022-08-21 17:51:25,375 - legal_judgment_prediction.model.initialize - INFO - Initialize optimizer successfully.
2022-08-21 17:51:25,375 - legal_judgment_prediction.initialize - WARNING - The path of checkpoint is none.
2022-08-21 17:51:25,375 - legal_judgment_prediction.dataset.initialize - INFO - Start to initialize train dataloader.
2022-08-21 17:51:29,139 - legal_judgment_prediction.formatter.initialize - INFO - Start to initialize formatter.
2022-08-21 17:51:29,153 - legal_judgment_prediction.formatter.initialize - INFO - Initialize formatter successfully.
2022-08-21 17:51:29,154 - legal_judgment_prediction.dataset.initialize - INFO - Initialize train dataloader successfully.
2022-08-21 17:51:29,154 - legal_judgment_prediction.dataset.initialize - INFO - Start to initialize valid dataloader.
2022-08-21 17:51:30,305 - legal_judgment_prediction.formatter.initialize - INFO - Start to initialize formatter.
2022-08-21 17:51:30,319 - legal_judgment_prediction.formatter.initialize - INFO - Initialize formatter successfully.
2022-08-21 17:51:30,319 - legal_judgment_prediction.dataset.initialize - INFO - Initialize valid dataloader successfully.
2022-08-21 17:51:30,319 - legal_judgment_prediction.output.initialize - INFO - Start to initialize output function.
2022-08-21 17:51:30,319 - legal_judgment_prediction.output.initialize - INFO - Initialize output function successfully.
2022-08-21 17:51:30,319 - legal_judgment_prediction.initialize - WARNING - The path of output results/legal_judgment_prediction/bert/after_summarizing/combination does not exist.
2022-08-21 17:51:30,319 - legal_judgment_prediction.initialize - INFO - Make the directory automatically.
2022-08-21 17:51:30,322 - legal_judgment_prediction.initialize - INFO - Initialize successfully.
2022-08-21 17:51:30,322 - legal_judgment_prediction.train - INFO - Start to train model.
2022-08-21 17:51:30,322 - legal_judgment_prediction.train - INFO - Epoch  Stage  Iterations  Time Usage    Loss    Output Information
2022-08-21 17:51:30,322 - legal_judgment_prediction.train - INFO - Current learning rate: 1e-05
2022-08-21 17:51:31,156 - utils - INFO - 0      train  1/35523     0:00/493:24   280.1422119140625{"accusation": [0.001, 0.125, 0.003, 0.177, 0.182, 0.177], "article": [0.006, 0.444, 0.012, 0.167, 0.175, 0.169], "article_source": [0.014, 0.25, 0.026, 0.294, 0.272, 0.276]}
2022-08-21 18:14:44,112 - utils - INFO - 0      train  2001/35523 23:13/389:09   8.078337751973098{"accusation": [0.629, 0.512, 0.564, 0.036, 0.023, 0.026], "article": [0.617, 0.444, 0.516, 0.047, 0.035, 0.038], "article_source": [0.896, 0.888, 0.892, 0.055, 0.053, 0.054]}
2022-08-21 18:37:58,361 - utils - INFO - 0      train  4001/35523 46:28/366:05   6.066785225832322{"accusation": [0.767, 0.602, 0.674, 0.039, 0.024, 0.028], "article": [0.752, 0.526, 0.619, 0.058, 0.038, 0.043], "article_source": [0.934, 0.9, 0.916, 0.061, 0.056, 0.057]}
2022-08-21 19:01:14,443 - utils - INFO - 0      train  6001/35523 69:44/343:03   5.239934582088792{"accusation": [0.813, 0.639, 0.716, 0.05, 0.029, 0.033], "article": [0.803, 0.565, 0.663, 0.091, 0.047, 0.054], "article_source": [0.948, 0.906, 0.926, 0.079, 0.062, 0.066]}
2022-08-21 19:24:30,279 - utils - INFO - 0      train  8001/35523 92:59/319:54   4.788993657737833{"accusation": [0.835, 0.663, 0.739, 0.064, 0.034, 0.04], "article": [0.828, 0.595, 0.693, 0.113, 0.059, 0.07], "article_source": [0.955, 0.91, 0.932, 0.094, 0.071, 0.078]}
2022-08-21 19:47:44,803 - utils - INFO - 0      train  10001/35523 116:14/296:38 4.482012567866052{"accusation": [0.846, 0.682, 0.755, 0.073, 0.04, 0.046], "article": [0.844, 0.616, 0.712, 0.123, 0.068, 0.081], "article_source": [0.96, 0.913, 0.936, 0.101, 0.076, 0.084]}
2022-08-21 20:10:58,177 - utils - INFO - 0      train  12001/35523 139:27/273:21 4.263450936885123{"accusation": [0.854, 0.695, 0.766, 0.078, 0.043, 0.051], "article": [0.854, 0.632, 0.726, 0.132, 0.075, 0.088], "article_source": [0.963, 0.915, 0.938, 0.134, 0.081, 0.09]}
2022-08-21 20:34:10,627 - utils - INFO - 0      train  14001/35523 162:40/250:03 4.093531655934849{"accusation": [0.859, 0.707, 0.775, 0.085, 0.047, 0.055], "article": [0.861, 0.644, 0.737, 0.141, 0.08, 0.095], "article_source": [0.965, 0.917, 0.94, 0.168, 0.088, 0.099]}
2022-08-21 20:57:23,628 - utils - INFO - 0      train  16001/35523 185:53/226:47 3.955403736829581{"accusation": [0.863, 0.715, 0.782, 0.093, 0.05, 0.058], "article": [0.867, 0.654, 0.745, 0.155, 0.086, 0.101], "article_source": [0.967, 0.918, 0.942, 0.204, 0.095, 0.109]}
2022-08-21 21:20:38,553 - utils - INFO - 0      train  18001/35523 209:08/203:34 3.8478653021701064{"accusation": [0.866, 0.72, 0.786, 0.097, 0.053, 0.062], "article": [0.871, 0.662, 0.752, 0.167, 0.091, 0.107], "article_source": [0.968, 0.919, 0.943, 0.261, 0.102, 0.12]}
2022-08-21 21:43:50,607 - utils - INFO - 0      train  20001/35523 232:20/180:18 3.7537679788304277{"accusation": [0.868, 0.726, 0.791, 0.101, 0.056, 0.066], "article": [0.874, 0.668, 0.758, 0.179, 0.096, 0.114], "article_source": [0.969, 0.92, 0.944, 0.306, 0.111, 0.134]}
2022-08-21 22:07:03,103 - utils - INFO - 0      train  22001/35523 255:32/157:03 3.6805034896959015{"accusation": [0.87, 0.73, 0.794, 0.105, 0.059, 0.07], "article": [0.877, 0.674, 0.762, 0.188, 0.102, 0.12], "article_source": [0.97, 0.921, 0.945, 0.321, 0.119, 0.145]}
2022-08-21 22:30:15,763 - utils - INFO - 0      train  24001/35523 278:45/133:49 3.607868219624937{"accusation": [0.872, 0.735, 0.798, 0.109, 0.063, 0.074], "article": [0.879, 0.679, 0.767, 0.194, 0.107, 0.126], "article_source": [0.971, 0.922, 0.946, 0.328, 0.126, 0.156]}
2022-08-21 22:53:27,649 - utils - INFO - 0      train  26001/35523 301:57/110:34 3.5429544746805557{"accusation": [0.873, 0.739, 0.801, 0.113, 0.066, 0.078], "article": [0.882, 0.684, 0.771, 0.198, 0.111, 0.132], "article_source": [0.972, 0.923, 0.947, 0.339, 0.134, 0.167]}
2022-08-21 23:16:40,454 - utils - INFO - 0      train  28001/35523 325:10/87:21  3.4896480028785057{"accusation": [0.874, 0.743, 0.803, 0.116, 0.068, 0.081], "article": [0.883, 0.689, 0.774, 0.206, 0.116, 0.138], "article_source": [0.972, 0.924, 0.947, 0.362, 0.146, 0.184]}
2022-08-21 23:39:53,817 - utils - INFO - 0      train  30001/35523 348:23/64:07  3.4381583867361964{"accusation": [0.875, 0.746, 0.806, 0.12, 0.071, 0.084], "article": [0.885, 0.693, 0.777, 0.215, 0.121, 0.144], "article_source": [0.973, 0.924, 0.948, 0.377, 0.157, 0.2]}
2022-08-22 00:03:07,131 - utils - INFO - 0      train  32001/35523 371:36/40:53  3.394876921075935{"accusation": [0.876, 0.749, 0.808, 0.125, 0.074, 0.087], "article": [0.887, 0.696, 0.78, 0.222, 0.126, 0.15], "article_source": [0.973, 0.925, 0.949, 0.387, 0.168, 0.214]}
2022-08-22 00:26:21,436 - utils - INFO - 0      train  34001/35523 394:51/17:40  3.351786423511254{"accusation": [0.877, 0.752, 0.81, 0.129, 0.076, 0.089], "article": [0.888, 0.699, 0.783, 0.227, 0.129, 0.154], "article_source": [0.973, 0.926, 0.949, 0.427, 0.177, 0.225]}
2022-08-22 00:44:01,941 - utils - INFO - 0      train  35523/35523 412:31/ 0:00  3.3211405689751308{"accusation": [0.877, 0.754, 0.811, 0.131, 0.078, 0.091], "article": [0.889, 0.702, 0.784, 0.233, 0.132, 0.157], "article_source": [0.974, 0.927, 0.95, 0.432, 0.184, 0.234]}
2022-08-22 00:44:03,605 - utils - INFO - 0      valid  1/4440      0:00/21:12    2.3045945167541504{"accusation": [0.714, 0.625, 0.667, 0.977, 0.974, 0.975], "article": [0.875, 0.875, 0.875, 0.994, 0.991, 0.992], "article_source": [1.0, 1.0, 1.0, 1.0, 1.0, 1.0]}
2022-08-22 00:53:37,422 - utils - INFO - 0      valid  2001/4440   9:34/11:39    2.6725252032287417{"accusation": [0.891, 0.793, 0.839, 0.461, 0.439, 0.445], "article": [0.895, 0.768, 0.827, 0.272, 0.237, 0.244], "article_source": [0.98, 0.939, 0.959, 0.523, 0.417, 0.435]}
2022-08-22 01:03:13,739 - utils - INFO - 0      valid  4001/4440  19:10/ 2:06    2.7185831868057844{"accusation": [0.889, 0.789, 0.836, 0.363, 0.34, 0.346], "article": [0.896, 0.765, 0.825, 0.263, 0.222, 0.232], "article_source": [0.98, 0.939, 0.959, 0.54, 0.403, 0.427]}
2022-08-22 01:05:23,900 - utils - INFO - 0      valid  4440/4440  21:20/ 0:00    2.7501282329410985{"accusation": [0.889, 0.788, 0.835, 0.346, 0.323, 0.329], "article": [0.895, 0.763, 0.824, 0.263, 0.222, 0.231], "article_source": [0.98, 0.938, 0.958, 0.537, 0.407, 0.432]}
2022-08-22 01:05:26,927 - legal_judgment_prediction.train - INFO - Current learning rate: 1e-05
2022-08-22 01:05:27,661 - utils - INFO - 1      train  1/35523     0:00/433:55   1.6259756088256836{"accusation": [1.0, 0.875, 0.933, 0.994, 0.994, 0.994], "article": [0.875, 0.778, 0.824, 0.981, 0.981, 0.981], "article_source": [1.0, 1.0, 1.0, 1.0, 1.0, 1.0]}
2022-08-22 01:29:11,152 - utils - INFO - 1      train  2001/35523 23:44/397:39   2.5771940828471824{"accusation": [0.896, 0.795, 0.842, 0.47, 0.424, 0.435], "article": [0.911, 0.762, 0.83, 0.325, 0.229, 0.251], "article_source": [0.979, 0.937, 0.958, 0.547, 0.372, 0.418]}
2022-08-22 01:52:34,404 - utils - INFO - 1      train  4001/35523 47:07/371:16   2.5917721234608355{"accusation": [0.897, 0.794, 0.842, 0.445, 0.398, 0.41], "article": [0.912, 0.761, 0.829, 0.326, 0.214, 0.239], "article_source": [0.98, 0.939, 0.959, 0.621, 0.394, 0.447]}
2022-08-22 02:15:54,972 - utils - INFO - 1      train  6001/35523 70:28/346:39   2.5887987256885676{"accusation": [0.893, 0.797, 0.842, 0.403, 0.354, 0.365], "article": [0.911, 0.76, 0.829, 0.353, 0.216, 0.242], "article_source": [0.98, 0.94, 0.959, 0.621, 0.4, 0.449]}
2022-08-22 02:39:12,605 - utils - INFO - 1      train  8001/35523 93:45/322:31   2.578881421878956{"accusation": [0.893, 0.799, 0.844, 0.391, 0.322, 0.333], "article": [0.911, 0.761, 0.829, 0.36, 0.219, 0.245], "article_source": [0.98, 0.94, 0.96, 0.652, 0.411, 0.459]}
2022-08-22 03:02:31,358 - utils - INFO - 1      train  10001/35523 117:04/298:45 2.582757926227836{"accusation": [0.892, 0.8, 0.844, 0.362, 0.296, 0.307], "article": [0.911, 0.76, 0.829, 0.377, 0.221, 0.249], "article_source": [0.98, 0.94, 0.96, 0.651, 0.418, 0.47]}
2022-08-22 03:25:49,462 - utils - INFO - 1      train  12001/35523 140:22/275:08 2.5727679690887952{"accusation": [0.893, 0.801, 0.844, 0.334, 0.274, 0.285], "article": [0.912, 0.761, 0.83, 0.379, 0.223, 0.251], "article_source": [0.98, 0.941, 0.96, 0.654, 0.427, 0.48]}
2022-08-22 03:49:09,461 - utils - INFO - 1      train  14001/35523 163:42/251:38 2.5678247669644527{"accusation": [0.892, 0.802, 0.844, 0.309, 0.253, 0.265], "article": [0.911, 0.762, 0.83, 0.385, 0.225, 0.254], "article_source": [0.98, 0.942, 0.961, 0.689, 0.435, 0.49]}
2022-08-22 04:12:28,554 - utils - INFO - 1      train  16001/35523 187:01/228:10 2.563851942437402{"accusation": [0.892, 0.803, 0.845, 0.313, 0.255, 0.266], "article": [0.911, 0.763, 0.83, 0.396, 0.227, 0.257], "article_source": [0.98, 0.942, 0.961, 0.69, 0.443, 0.499]}
2022-08-22 04:35:46,584 - utils - INFO - 1      train  18001/35523 210:19/204:43 2.563537038002004{"accusation": [0.891, 0.802, 0.845, 0.318, 0.255, 0.267], "article": [0.911, 0.762, 0.83, 0.397, 0.231, 0.262], "article_source": [0.98, 0.942, 0.961, 0.689, 0.447, 0.502]}
2022-08-22 04:59:05,382 - utils - INFO - 1      train  20001/35523 233:38/181:19 2.5570385828457782{"accusation": [0.891, 0.803, 0.845, 0.302, 0.24, 0.251], "article": [0.912, 0.763, 0.83, 0.403, 0.233, 0.265], "article_source": [0.98, 0.942, 0.961, 0.682, 0.453, 0.509]}
2022-08-22 05:22:24,609 - utils - INFO - 1      train  22001/35523 256:57/157:55 2.5500534796535907{"accusation": [0.891, 0.804, 0.845, 0.29, 0.224, 0.235], "article": [0.912, 0.763, 0.831, 0.416, 0.236, 0.268], "article_source": [0.981, 0.942, 0.961, 0.711, 0.458, 0.513]}
2022-08-22 05:45:43,682 - utils - INFO - 1      train  24001/35523 280:16/134:33 2.547353274375076{"accusation": [0.891, 0.805, 0.845, 0.279, 0.213, 0.225], "article": [0.912, 0.763, 0.831, 0.424, 0.238, 0.271], "article_source": [0.981, 0.943, 0.961, 0.709, 0.46, 0.516]}
2022-08-22 06:09:02,220 - utils - INFO - 1      train  26001/35523 303:35/111:10 2.5469125875600205{"accusation": [0.89, 0.805, 0.845, 0.274, 0.209, 0.221], "article": [0.912, 0.764, 0.831, 0.434, 0.242, 0.276], "article_source": [0.981, 0.943, 0.961, 0.714, 0.465, 0.522]}
2022-08-22 06:32:18,562 - utils - INFO - 1      train  28001/35523 326:51/87:48  2.5464805122135616{"accusation": [0.891, 0.805, 0.846, 0.274, 0.204, 0.216], "article": [0.912, 0.764, 0.832, 0.451, 0.244, 0.278], "article_source": [0.981, 0.943, 0.961, 0.734, 0.47, 0.529]}
2022-08-22 06:55:39,366 - utils - INFO - 1      train  30001/35523 350:12/64:27  2.5423501025571063{"accusation": [0.891, 0.805, 0.846, 0.262, 0.193, 0.206], "article": [0.912, 0.765, 0.832, 0.465, 0.246, 0.281], "article_source": [0.981, 0.943, 0.961, 0.735, 0.475, 0.534]}
2022-08-22 07:18:59,336 - utils - INFO - 1      train  32001/35523 373:32/41:06  2.5377448744130584{"accusation": [0.891, 0.806, 0.846, 0.259, 0.188, 0.201], "article": [0.912, 0.765, 0.832, 0.461, 0.248, 0.283], "article_source": [0.981, 0.943, 0.961, 0.736, 0.478, 0.54]}
2022-08-22 07:42:18,113 - utils - INFO - 1      train  34001/35523 396:51/17:45  2.535154217665418{"accusation": [0.891, 0.806, 0.847, 0.251, 0.173, 0.186], "article": [0.912, 0.765, 0.832, 0.473, 0.25, 0.286], "article_source": [0.981, 0.943, 0.961, 0.738, 0.483, 0.545]}
2022-08-22 08:00:03,417 - utils - INFO - 1      train  35523/35523 414:36/ 0:00  2.535389089568914{"accusation": [0.891, 0.806, 0.846, 0.254, 0.174, 0.187], "article": [0.912, 0.765, 0.832, 0.478, 0.251, 0.288], "article_source": [0.981, 0.943, 0.962, 0.737, 0.486, 0.549]}
2022-08-22 08:00:05,072 - utils - INFO - 1      valid  1/4440      0:00/21:06    3.105498790740967{"accusation": [0.8, 0.5, 0.615, 0.977, 0.974, 0.975], "article": [0.857, 0.75, 0.8, 0.988, 0.984, 0.986], "article_source": [1.0, 0.875, 0.933, 1.0, 0.996, 0.998]}
2022-08-22 08:09:39,261 - utils - INFO - 1      valid  2001/4440   9:34/11:40    3.067038192881503{"accusation": [0.882, 0.715, 0.79, 0.495, 0.467, 0.473], "article": [0.898, 0.709, 0.792, 0.399, 0.307, 0.33], "article_source": [0.976, 0.859, 0.914, 0.749, 0.594, 0.626]}
2022-08-22 08:19:13,616 - utils - INFO - 1      valid  4001/4440  19:08/ 2:06    3.118973652226303{"accusation": [0.879, 0.711, 0.786, 0.397, 0.367, 0.375], "article": [0.898, 0.706, 0.79, 0.401, 0.29, 0.316], "article_source": [0.976, 0.86, 0.914, 0.756, 0.584, 0.623]}
2022-08-22 08:21:19,575 - utils - INFO - 1      valid  4440/4440  21:14/ 0:00    3.145222052908293{"accusation": [0.878, 0.711, 0.786, 0.378, 0.35, 0.357], "article": [0.896, 0.704, 0.789, 0.4, 0.288, 0.314], "article_source": [0.976, 0.86, 0.914, 0.759, 0.582, 0.625]}
2022-08-22 08:21:21,933 - legal_judgment_prediction.train - INFO - Current learning rate: 1e-05
2022-08-22 08:21:22,642 - utils - INFO - 2      train  1/35523     0:00/419:28   1.102632761001587{"accusation": [1.0, 1.0, 1.0, 1.0, 1.0, 1.0], "article": [0.857, 0.75, 0.8, 0.981, 0.981, 0.981], "article_source": [1.0, 1.0, 1.0, 1.0, 1.0, 1.0]}
2022-08-22 08:44:38,552 - utils - INFO - 2      train  2001/35523 23:16/389:57   2.3905828896237873{"accusation": [0.894, 0.816, 0.853, 0.532, 0.486, 0.497], "article": [0.917, 0.779, 0.842, 0.433, 0.305, 0.337], "article_source": [0.981, 0.947, 0.964, 0.744, 0.601, 0.642]}
2022-08-22 09:07:57,020 - utils - INFO - 2      train  4001/35523 46:35/367:01   2.4128390425251474{"accusation": [0.897, 0.817, 0.855, 0.458, 0.396, 0.409], "article": [0.917, 0.777, 0.841, 0.445, 0.299, 0.335], "article_source": [0.981, 0.946, 0.963, 0.747, 0.572, 0.631]}
2022-08-22 09:31:15,919 - utils - INFO - 2      train  6001/35523 69:53/343:52   2.401100797502647{"accusation": [0.895, 0.817, 0.854, 0.42, 0.359, 0.372], "article": [0.916, 0.777, 0.841, 0.453, 0.302, 0.337], "article_source": [0.981, 0.946, 0.963, 0.752, 0.578, 0.636]}
2022-08-22 09:54:33,874 - utils - INFO - 2      train  8001/35523 93:11/320:35   2.4019068368482315{"accusation": [0.894, 0.815, 0.853, 0.397, 0.33, 0.342], "article": [0.916, 0.777, 0.841, 0.446, 0.298, 0.332], "article_source": [0.981, 0.946, 0.963, 0.744, 0.57, 0.627]}
2022-08-22 10:17:51,863 - utils - INFO - 2      train  10001/35523 116:29/297:17 2.3944381774645183{"accusation": [0.895, 0.814, 0.853, 0.357, 0.291, 0.303], "article": [0.915, 0.778, 0.841, 0.45, 0.299, 0.334], "article_source": [0.981, 0.946, 0.964, 0.778, 0.577, 0.635]}
2022-08-22 10:41:08,975 - utils - INFO - 2      train  12001/35523 139:47/273:58 2.3919108154008653{"accusation": [0.895, 0.816, 0.854, 0.339, 0.268, 0.28], "article": [0.915, 0.779, 0.841, 0.457, 0.303, 0.338], "article_source": [0.981, 0.946, 0.963, 0.779, 0.579, 0.637]}
2022-08-22 11:04:32,938 - utils - INFO - 2      train  14001/35523 163:11/250:50 2.3850836164824427{"accusation": [0.895, 0.817, 0.854, 0.327, 0.257, 0.269], "article": [0.915, 0.779, 0.842, 0.464, 0.304, 0.34], "article_source": [0.981, 0.946, 0.964, 0.781, 0.581, 0.639]}
2022-08-22 11:27:53,017 - utils - INFO - 2      train  16001/35523 186:31/227:33 2.3857456828500667{"accusation": [0.895, 0.817, 0.854, 0.312, 0.24, 0.252], "article": [0.915, 0.779, 0.842, 0.466, 0.305, 0.341], "article_source": [0.982, 0.947, 0.964, 0.779, 0.581, 0.639]}
2022-08-22 11:51:11,657 - utils - INFO - 2      train  18001/35523 209:49/204:14 2.3837390005782857{"accusation": [0.895, 0.817, 0.854, 0.301, 0.229, 0.242], "article": [0.915, 0.78, 0.842, 0.465, 0.306, 0.342], "article_source": [0.982, 0.947, 0.964, 0.779, 0.583, 0.642]}
2022-08-22 12:14:28,871 - utils - INFO - 2      train  20001/35523 233:06/180:54 2.383369831937337{"accusation": [0.895, 0.817, 0.854, 0.306, 0.231, 0.244], "article": [0.915, 0.78, 0.842, 0.472, 0.308, 0.344], "article_source": [0.981, 0.947, 0.964, 0.78, 0.587, 0.645]}
2022-08-22 12:37:42,464 - utils - INFO - 2      train  22001/35523 256:20/157:33 2.3819059614372513{"accusation": [0.894, 0.818, 0.854, 0.303, 0.225, 0.238], "article": [0.915, 0.78, 0.842, 0.477, 0.309, 0.345], "article_source": [0.982, 0.947, 0.964, 0.782, 0.587, 0.647]}
2022-08-22 13:00:57,897 - utils - INFO - 2      train  24001/35523 279:35/134:13 2.3881303250511343{"accusation": [0.894, 0.817, 0.854, 0.292, 0.208, 0.222], "article": [0.915, 0.78, 0.842, 0.491, 0.31, 0.348], "article_source": [0.982, 0.946, 0.964, 0.781, 0.588, 0.648]}
2022-08-22 13:24:11,846 - utils - INFO - 2      train  26001/35523 302:49/110:54 2.3887497829941364{"accusation": [0.894, 0.817, 0.854, 0.293, 0.209, 0.222], "article": [0.915, 0.78, 0.842, 0.493, 0.312, 0.349], "article_source": [0.982, 0.947, 0.964, 0.78, 0.59, 0.65]}
2022-08-22 13:47:26,489 - utils - INFO - 2      train  28001/35523 326:04/87:35  2.3889645330503053{"accusation": [0.894, 0.817, 0.854, 0.288, 0.203, 0.217], "article": [0.915, 0.78, 0.842, 0.491, 0.312, 0.35], "article_source": [0.982, 0.947, 0.964, 0.778, 0.589, 0.649]}
2022-08-22 14:10:40,772 - utils - INFO - 2      train  30001/35523 349:18/64:17  2.3883417133808242{"accusation": [0.894, 0.817, 0.854, 0.283, 0.198, 0.211], "article": [0.915, 0.78, 0.842, 0.505, 0.313, 0.35], "article_source": [0.982, 0.947, 0.964, 0.777, 0.588, 0.648]}
2022-08-22 14:33:53,913 - utils - INFO - 2      train  32001/35523 372:31/41:00  2.388255866887668{"accusation": [0.894, 0.817, 0.854, 0.282, 0.198, 0.211], "article": [0.915, 0.78, 0.842, 0.506, 0.314, 0.351], "article_source": [0.982, 0.947, 0.964, 0.777, 0.589, 0.648]}
2022-08-22 14:57:05,735 - utils - INFO - 2      train  34001/35523 395:43/17:42  2.387535657417696{"accusation": [0.894, 0.818, 0.854, 0.282, 0.198, 0.212], "article": [0.915, 0.78, 0.842, 0.507, 0.314, 0.352], "article_source": [0.982, 0.947, 0.964, 0.776, 0.59, 0.649]}
2022-08-22 15:14:46,214 - utils - INFO - 2      train  35523/35523 413:24/ 0:00  2.388684882540124{"accusation": [0.894, 0.817, 0.854, 0.287, 0.199, 0.213], "article": [0.915, 0.78, 0.842, 0.507, 0.316, 0.354], "article_source": [0.982, 0.947, 0.964, 0.776, 0.592, 0.651]}
2022-08-22 15:14:47,876 - utils - INFO - 2      valid  1/4440      0:00/21:19    2.9886391162872314{"accusation": [0.714, 0.625, 0.667, 0.977, 0.974, 0.975], "article": [0.75, 0.75, 0.75, 0.981, 0.978, 0.979], "article_source": [1.0, 1.0, 1.0, 1.0, 1.0, 1.0]}
2022-08-22 15:24:25,536 - utils - INFO - 2      valid  2001/4440   9:37/11:44    4.216812987195171{"accusation": [0.738, 0.667, 0.701, 0.502, 0.483, 0.481], "article": [0.778, 0.656, 0.712, 0.437, 0.351, 0.367], "article_source": [0.98, 0.945, 0.962, 0.681, 0.628, 0.639]}
2022-08-22 15:34:03,996 - utils - INFO - 2      valid  4001/4440  19:16/ 2:06    4.2525071981247775{"accusation": [0.738, 0.665, 0.7, 0.42, 0.379, 0.381], "article": [0.778, 0.654, 0.711, 0.444, 0.336, 0.357], "article_source": [0.98, 0.946, 0.963, 0.701, 0.612, 0.639]}
2022-08-22 15:36:10,852 - utils - INFO - 2      valid  4440/4440  21:23/ 0:00    4.280955429479631{"accusation": [0.738, 0.665, 0.7, 0.407, 0.366, 0.369], "article": [0.778, 0.652, 0.709, 0.444, 0.332, 0.353], "article_source": [0.98, 0.944, 0.962, 0.701, 0.61, 0.64]}
2022-08-22 15:36:13,241 - legal_judgment_prediction.train - INFO - Current learning rate: 1e-05
2022-08-22 15:36:13,951 - utils - INFO - 3      train  1/35523     0:00/420:32   1.7533605098724365{"accusation": [0.75, 0.75, 0.75, 0.983, 0.989, 0.985], "article": [1.0, 1.0, 1.0, 1.0, 1.0, 1.0], "article_source": [1.0, 1.0, 1.0, 1.0, 1.0, 1.0]}
2022-08-22 15:59:28,185 - utils - INFO - 3      train  2001/35523 23:14/389:28   2.2310327418494795{"accusation": [0.896, 0.827, 0.86, 0.561, 0.522, 0.533], "article": [0.923, 0.794, 0.853, 0.488, 0.362, 0.392], "article_source": [0.984, 0.951, 0.968, 0.788, 0.608, 0.67]}
2022-08-22 16:22:40,834 - utils - INFO - 3      train  4001/35523 46:27/366:02   2.2748537817399628{"accusation": [0.895, 0.824, 0.858, 0.523, 0.466, 0.478], "article": [0.92, 0.79, 0.85, 0.5, 0.344, 0.38], "article_source": [0.983, 0.95, 0.966, 0.764, 0.61, 0.663]}
2022-08-22 16:45:52,045 - utils - INFO - 3      train  6001/35523 69:38/342:37   2.2806562418880123{"accusation": [0.895, 0.825, 0.859, 0.495, 0.413, 0.428], "article": [0.92, 0.79, 0.85, 0.514, 0.343, 0.38], "article_source": [0.984, 0.949, 0.966, 0.802, 0.617, 0.673]}
2022-08-22 17:09:06,486 - utils - INFO - 3      train  8001/35523 92:53/319:30   2.280171812826146{"accusation": [0.897, 0.826, 0.86, 0.465, 0.385, 0.399], "article": [0.919, 0.789, 0.849, 0.518, 0.345, 0.383], "article_source": [0.983, 0.949, 0.966, 0.801, 0.619, 0.673]}
2022-08-22 17:32:19,241 - utils - INFO - 3      train  10001/35523 116:05/296:16 2.2838581143854655{"accusation": [0.897, 0.825, 0.859, 0.421, 0.346, 0.359], "article": [0.919, 0.789, 0.849, 0.523, 0.346, 0.385], "article_source": [0.983, 0.949, 0.966, 0.804, 0.627, 0.68]}
2022-08-22 17:55:32,845 - utils - INFO - 3      train  12001/35523 139:19/273:04 2.276046158365782{"accusation": [0.897, 0.824, 0.859, 0.417, 0.335, 0.349], "article": [0.919, 0.791, 0.85, 0.531, 0.348, 0.388], "article_source": [0.983, 0.95, 0.966, 0.838, 0.633, 0.688]}
2022-08-22 18:18:43,822 - utils - INFO - 3      train  14001/35523 162:30/249:48 2.285041506107319{"accusation": [0.896, 0.823, 0.858, 0.395, 0.313, 0.327], "article": [0.919, 0.791, 0.85, 0.532, 0.346, 0.387], "article_source": [0.983, 0.95, 0.966, 0.839, 0.63, 0.686]}
2022-08-22 18:41:56,396 - utils - INFO - 3      train  16001/35523 185:43/226:35 2.2862859943125096{"accusation": [0.896, 0.824, 0.859, 0.37, 0.279, 0.294], "article": [0.918, 0.791, 0.85, 0.532, 0.348, 0.388], "article_source": [0.983, 0.95, 0.966, 0.838, 0.631, 0.685]}
2022-08-22 19:05:10,823 - utils - INFO - 3      train  18001/35523 208:57/203:23 2.289042313017655{"accusation": [0.896, 0.823, 0.858, 0.347, 0.257, 0.272], "article": [0.918, 0.791, 0.85, 0.529, 0.348, 0.388], "article_source": [0.983, 0.95, 0.966, 0.833, 0.634, 0.69]}
2022-08-22 19:28:53,460 - utils - INFO - 3      train  20001/35523 232:40/180:33 2.293113488924958{"accusation": [0.896, 0.823, 0.858, 0.341, 0.251, 0.266], "article": [0.917, 0.79, 0.849, 0.542, 0.348, 0.389], "article_source": [0.983, 0.95, 0.966, 0.832, 0.633, 0.689]}
2022-08-22 19:52:14,917 - utils - INFO - 3      train  22001/35523 256:01/157:21 2.295508163902362{"accusation": [0.896, 0.824, 0.858, 0.341, 0.251, 0.267], "article": [0.917, 0.79, 0.849, 0.544, 0.349, 0.39], "article_source": [0.983, 0.949, 0.966, 0.832, 0.633, 0.688]}
2022-08-22 20:15:27,405 - utils - INFO - 3      train  24001/35523 279:14/134:03 2.296138257664514{"accusation": [0.896, 0.824, 0.858, 0.329, 0.24, 0.256], "article": [0.917, 0.79, 0.849, 0.545, 0.349, 0.39], "article_source": [0.983, 0.949, 0.966, 0.832, 0.63, 0.686]}
2022-08-22 20:38:38,584 - utils - INFO - 3      train  26001/35523 302:25/110:45 2.2947600212296746{"accusation": [0.897, 0.823, 0.858, 0.329, 0.24, 0.256], "article": [0.917, 0.79, 0.849, 0.546, 0.349, 0.39], "article_source": [0.983, 0.949, 0.966, 0.832, 0.627, 0.684]}
2022-08-22 21:01:49,847 - utils - INFO - 3      train  28001/35523 325:36/87:28  2.293683276467792{"accusation": [0.897, 0.823, 0.858, 0.326, 0.234, 0.25], "article": [0.917, 0.791, 0.849, 0.546, 0.35, 0.391], "article_source": [0.983, 0.949, 0.966, 0.832, 0.626, 0.683]}
2022-08-22 21:25:00,504 - utils - INFO - 3      train  30001/35523 348:47/64:11  2.2978210529710896{"accusation": [0.896, 0.823, 0.858, 0.323, 0.233, 0.249], "article": [0.917, 0.79, 0.849, 0.545, 0.35, 0.391], "article_source": [0.983, 0.949, 0.966, 0.831, 0.625, 0.682]}
2022-08-22 21:48:11,390 - utils - INFO - 3      train  32001/35523 371:58/40:56  2.299667715961581{"accusation": [0.896, 0.823, 0.858, 0.324, 0.233, 0.249], "article": [0.917, 0.79, 0.849, 0.546, 0.351, 0.392], "article_source": [0.983, 0.949, 0.966, 0.828, 0.627, 0.683]}
2022-08-22 22:11:23,102 - utils - INFO - 3      train  34001/35523 395:09/17:41  2.302340600309355{"accusation": [0.896, 0.823, 0.858, 0.313, 0.222, 0.239], "article": [0.917, 0.79, 0.849, 0.546, 0.352, 0.393], "article_source": [0.983, 0.949, 0.966, 0.827, 0.628, 0.684]}
2022-08-22 22:29:03,079 - utils - INFO - 3      train  35523/35523 412:49/ 0:00  2.3026360985708276{"accusation": [0.896, 0.823, 0.858, 0.308, 0.216, 0.233], "article": [0.917, 0.79, 0.849, 0.548, 0.352, 0.394], "article_source": [0.983, 0.949, 0.966, 0.827, 0.628, 0.685]}
2022-08-22 22:29:04,751 - utils - INFO - 3      valid  1/4440      0:00/21:10    7.26939582824707{"accusation": [0.429, 0.375, 0.4, 0.979, 0.98, 0.978], "article": [0.5, 0.5, 0.5, 0.983, 0.984, 0.982], "article_source": [1.0, 1.0, 1.0, 1.0, 1.0, 1.0]}
2022-08-22 22:38:38,224 - utils - INFO - 3      valid  2001/4440   9:33/11:39    7.4872925858507156{"accusation": [0.526, 0.499, 0.512, 0.52, 0.489, 0.49], "article": [0.586, 0.51, 0.546, 0.467, 0.384, 0.396], "article_source": [0.981, 0.946, 0.963, 0.733, 0.664, 0.679]}
2022-08-22 22:48:14,564 - utils - INFO - 3      valid  4001/4440  19:10/ 2:06    7.498229531236542{"accusation": [0.526, 0.498, 0.512, 0.429, 0.397, 0.399], "article": [0.588, 0.51, 0.546, 0.49, 0.378, 0.397], "article_source": [0.981, 0.946, 0.963, 0.778, 0.666, 0.698]}
2022-08-22 22:50:20,635 - utils - INFO - 3      valid  4440/4440  21:16/ 0:00    7.528864528158227{"accusation": [0.527, 0.499, 0.512, 0.419, 0.391, 0.389], "article": [0.588, 0.509, 0.545, 0.49, 0.373, 0.393], "article_source": [0.981, 0.945, 0.963, 0.785, 0.66, 0.697]}
2022-08-23 01:50:46,031 - root - INFO - main.py -c configs/bert/before_summarizing/one_label/config.ini -m train -g 0 -bs 8
2022-08-23 01:50:46,031 - legal_judgment_prediction.initialize - INFO - Start to initialize.
2022-08-23 01:50:46,031 - legal_judgment_prediction.initialize - INFO - CUDA available: True
2022-08-23 01:50:46,031 - legal_judgment_prediction.model.initialize - INFO - Start to initialize model.
2022-08-23 01:50:46,031 - pytorch_pretrained_bert.modeling - INFO - loading archive file models/bert-base-chinese
2022-08-23 01:50:46,031 - pytorch_pretrained_bert.modeling - INFO - Model config {
  "architectures": [
    "BertForMaskedLM"
  ],
  "attention_probs_dropout_prob": 0.1,
  "directionality": "bidi",
  "hidden_act": "gelu",
  "hidden_dropout_prob": 0.1,
  "hidden_size": 768,
  "initializer_range": 0.02,
  "intermediate_size": 3072,
  "layer_norm_eps": 1e-12,
  "max_position_embeddings": 512,
  "model_type": "bert",
  "num_attention_heads": 12,
  "num_hidden_layers": 12,
  "pad_token_id": 0,
  "pooler_fc_size": 768,
  "pooler_num_attention_heads": 12,
  "pooler_num_fc_layers": 3,
  "pooler_size_per_head": 128,
  "pooler_type": "first_token_transform",
  "type_vocab_size": 2,
  "vocab_size": 21128
}

2022-08-23 01:50:47,030 - legal_judgment_prediction.model.initialize - INFO - Initialize model successfully.
2022-08-23 01:50:47,030 - legal_judgment_prediction.initialize - INFO - Start to initialize multiple gpus.
2022-08-23 01:50:48,393 - legal_judgment_prediction.initialize - INFO - Initialize multiple gpus successfully.
2022-08-23 01:50:48,393 - legal_judgment_prediction.model.initialize - INFO - Start to initialize optimizer.
2022-08-23 01:50:48,393 - pytorch_pretrained_bert.optimization - WARNING - t_total value of -1 results in schedule not being applied
2022-08-23 01:50:48,394 - legal_judgment_prediction.model.initialize - INFO - Initialize optimizer successfully.
2022-08-23 01:50:48,395 - legal_judgment_prediction.initialize - WARNING - The path of checkpoint is none.
2022-08-23 01:50:48,395 - legal_judgment_prediction.dataset.initialize - INFO - Start to initialize train dataloader.
2022-08-23 01:50:52,460 - legal_judgment_prediction.formatter.initialize - INFO - Start to initialize formatter.
2022-08-23 01:50:52,474 - legal_judgment_prediction.formatter.initialize - INFO - Initialize formatter successfully.
2022-08-23 01:50:52,474 - legal_judgment_prediction.dataset.initialize - INFO - Initialize train dataloader successfully.
2022-08-23 01:50:52,474 - legal_judgment_prediction.dataset.initialize - INFO - Start to initialize valid dataloader.
2022-08-23 01:50:52,805 - legal_judgment_prediction.formatter.initialize - INFO - Start to initialize formatter.
2022-08-23 01:50:52,819 - legal_judgment_prediction.formatter.initialize - INFO - Initialize formatter successfully.
2022-08-23 01:50:52,819 - legal_judgment_prediction.dataset.initialize - INFO - Initialize valid dataloader successfully.
2022-08-23 01:50:52,819 - legal_judgment_prediction.output.initialize - INFO - Start to initialize output function.
2022-08-23 01:50:52,820 - legal_judgment_prediction.output.initialize - INFO - Initialize output function successfully.
2022-08-23 01:50:52,820 - legal_judgment_prediction.initialize - WARNING - The path of output results/legal_judgment_prediction/bert/before_summarizing/one_label does not exist.
2022-08-23 01:50:52,820 - legal_judgment_prediction.initialize - INFO - Make the directory automatically.
2022-08-23 01:50:52,822 - legal_judgment_prediction.initialize - INFO - Initialize successfully.
2022-08-23 01:50:52,822 - legal_judgment_prediction.train - INFO - Start to train model.
2022-08-23 01:50:52,822 - legal_judgment_prediction.train - INFO - Epoch  Stage  Iterations  Time Usage    Loss    Output Information
2022-08-23 01:50:52,822 - legal_judgment_prediction.train - INFO - Current learning rate: 1e-05
2022-08-23 01:50:53,590 - utils - INFO - 0      train  1/30524     0:00/390:17   190.5908966064453{"accusation": [0.003, 0.25, 0.006, 0.24, 0.25, 0.242], "article": [0.013, 0.5, 0.024, 0.221, 0.25, 0.225], "article_source": [0.06, 0.625, 0.109, 0.326, 0.357, 0.331]}
2022-08-23 02:12:49,651 - utils - INFO - 0      train  2001/30524 21:56/312:50   4.049070189463562{"accusation": [0.711, 0.736, 0.723, 0.072, 0.055, 0.06], "article": [0.819, 0.785, 0.802, 0.142, 0.098, 0.109], "article_source": [0.956, 0.969, 0.962, 0.144, 0.113, 0.122]}
2022-08-23 02:34:48,897 - utils - INFO - 0      train  4001/30524 43:56/291:14   2.6927582885380077{"accusation": [0.808, 0.789, 0.799, 0.105, 0.077, 0.084], "article": [0.897, 0.848, 0.872, 0.198, 0.155, 0.171], "article_source": [0.976, 0.977, 0.976, 0.234, 0.167, 0.187]}
2022-08-23 02:56:48,847 - utils - INFO - 0      train  6001/30524 65:56/269:26   2.1561513609722955{"accusation": [0.847, 0.814, 0.83, 0.134, 0.093, 0.101], "article": [0.925, 0.876, 0.9, 0.259, 0.199, 0.215], "article_source": [0.983, 0.981, 0.982, 0.286, 0.213, 0.238]}
2022-08-23 03:18:49,177 - utils - INFO - 0      train  8001/30524 87:56/247:33   1.8580183543799378{"accusation": [0.869, 0.83, 0.849, 0.155, 0.106, 0.115], "article": [0.938, 0.893, 0.915, 0.305, 0.234, 0.255], "article_source": [0.987, 0.983, 0.985, 0.32, 0.244, 0.271]}
2022-08-23 03:40:48,989 - utils - INFO - 0      train  10001/30524 109:56/225:35 1.6592945902286222{"accusation": [0.883, 0.843, 0.863, 0.176, 0.121, 0.134], "article": [0.946, 0.904, 0.925, 0.34, 0.267, 0.29], "article_source": [0.989, 0.985, 0.987, 0.432, 0.295, 0.336]}
2022-08-23 04:02:49,940 - utils - INFO - 0      train  12001/30524 131:57/203:39 1.517115741047852{"accusation": [0.893, 0.854, 0.873, 0.191, 0.135, 0.149], "article": [0.952, 0.913, 0.932, 0.378, 0.299, 0.324], "article_source": [0.99, 0.987, 0.989, 0.503, 0.346, 0.395]}
2022-08-23 04:24:49,888 - utils - INFO - 0      train  14001/30524 153:57/181:40 1.4082307022824696{"accusation": [0.9, 0.862, 0.881, 0.195, 0.141, 0.156], "article": [0.956, 0.919, 0.937, 0.416, 0.327, 0.354], "article_source": [0.992, 0.988, 0.99, 0.563, 0.391, 0.445]}
2022-08-23 04:46:50,285 - utils - INFO - 0      train  16001/30524 175:57/159:42 1.3245758874378282{"accusation": [0.906, 0.869, 0.887, 0.217, 0.152, 0.168], "article": [0.959, 0.925, 0.941, 0.448, 0.352, 0.381], "article_source": [0.992, 0.989, 0.991, 0.605, 0.432, 0.489]}
2022-08-23 05:08:50,527 - utils - INFO - 0      train  18001/30524 197:57/137:43 1.2569456091608515{"accusation": [0.91, 0.874, 0.892, 0.227, 0.16, 0.176], "article": [0.961, 0.929, 0.945, 0.478, 0.374, 0.405], "article_source": [0.993, 0.99, 0.991, 0.636, 0.46, 0.518]}
2022-08-23 05:30:51,483 - utils - INFO - 0      train  20001/30524 219:58/115:44 1.1972525115555015{"accusation": [0.914, 0.88, 0.897, 0.235, 0.168, 0.185], "article": [0.963, 0.933, 0.948, 0.512, 0.395, 0.428], "article_source": [0.994, 0.991, 0.992, 0.664, 0.493, 0.552]}
2022-08-23 05:52:51,952 - utils - INFO - 0      train  22001/30524 241:59/93:44  1.1475942977026707{"accusation": [0.917, 0.884, 0.9, 0.241, 0.175, 0.192], "article": [0.965, 0.936, 0.95, 0.536, 0.414, 0.448], "article_source": [0.994, 0.991, 0.993, 0.684, 0.515, 0.574]}
2022-08-23 06:14:53,794 - utils - INFO - 0      train  24001/30524 264:00/71:45  1.1029272928071008{"accusation": [0.92, 0.887, 0.904, 0.25, 0.182, 0.201], "article": [0.967, 0.939, 0.952, 0.56, 0.433, 0.468], "article_source": [0.994, 0.992, 0.993, 0.702, 0.536, 0.595]}
2022-08-23 06:36:53,971 - utils - INFO - 0      train  26001/30524 286:01/49:45  1.0674324388095018{"accusation": [0.922, 0.891, 0.906, 0.258, 0.189, 0.208], "article": [0.968, 0.941, 0.954, 0.58, 0.449, 0.487], "article_source": [0.995, 0.992, 0.993, 0.719, 0.555, 0.614]}
2022-08-23 06:58:53,690 - utils - INFO - 0      train  28001/30524 308:00/27:45  1.0356024091695182{"accusation": [0.924, 0.894, 0.909, 0.262, 0.194, 0.213], "article": [0.969, 0.943, 0.956, 0.599, 0.465, 0.503], "article_source": [0.995, 0.993, 0.994, 0.732, 0.573, 0.632]}
2022-08-23 07:20:53,429 - utils - INFO - 0      train  30001/30524 330:00/ 5:45  1.0053218915210957{"accusation": [0.926, 0.896, 0.911, 0.269, 0.2, 0.219], "article": [0.969, 0.945, 0.957, 0.62, 0.481, 0.521], "article_source": [0.995, 0.993, 0.994, 0.744, 0.59, 0.648]}
2022-08-23 07:26:38,427 - utils - INFO - 0      train  30524/30524 335:45/ 0:00  0.9986696444303327{"accusation": [0.927, 0.897, 0.911, 0.27, 0.201, 0.22], "article": [0.97, 0.946, 0.957, 0.626, 0.485, 0.526], "article_source": [0.995, 0.993, 0.994, 0.745, 0.593, 0.65]}
2022-08-23 07:26:40,103 - utils - INFO - 0      valid  1/3815      0:00/16:34    2.7535994052886963{"accusation": [0.875, 0.875, 0.875, 0.986, 0.986, 0.986], "article": [0.875, 0.875, 0.875, 0.989, 0.985, 0.987], "article_source": [1.0, 1.0, 1.0, 1.0, 1.0, 1.0]}
2022-08-23 07:35:15,353 - utils - INFO - 0      valid  2001/3815   8:35/ 7:47    0.6238317016689251{"accusation": [0.946, 0.932, 0.939, 0.639, 0.613, 0.615], "article": [0.98, 0.972, 0.976, 0.734, 0.729, 0.725], "article_source": [0.999, 0.998, 0.998, 0.938, 0.926, 0.931]}
2022-08-23 07:43:02,710 - utils - INFO - 0      valid  3815/3815  16:22/ 0:00    0.6188196507469919{"accusation": [0.947, 0.932, 0.94, 0.549, 0.519, 0.523], "article": [0.98, 0.972, 0.976, 0.75, 0.724, 0.723], "article_source": [0.999, 0.998, 0.998, 0.936, 0.925, 0.929]}
2022-08-23 07:43:04,575 - legal_judgment_prediction.train - INFO - Current learning rate: 1e-05
2022-08-23 07:43:05,238 - utils - INFO - 1      train  1/30524     0:00/337:09   1.5085793733596802{"accusation": [0.875, 0.875, 0.875, 0.986, 0.986, 0.986], "article": [1.0, 1.0, 1.0, 1.0, 1.0, 1.0], "article_source": [1.0, 1.0, 1.0, 1.0, 1.0, 1.0]}
2022-08-23 08:05:05,856 - utils - INFO - 1      train  2001/30524 22:01/313:54   0.5829355971713638{"accusation": [0.948, 0.932, 0.94, 0.636, 0.588, 0.6], "article": [0.983, 0.974, 0.978, 0.776, 0.71, 0.731], "article_source": [0.998, 0.998, 0.998, 0.987, 0.919, 0.94]}
2022-08-23 08:27:07,116 - utils - INFO - 1      train  4001/30524 44:02/291:57   0.5834224635552253{"accusation": [0.949, 0.933, 0.941, 0.58, 0.522, 0.536], "article": [0.983, 0.975, 0.979, 0.845, 0.738, 0.765], "article_source": [0.999, 0.998, 0.998, 0.987, 0.905, 0.924]}
2022-08-23 08:49:07,096 - utils - INFO - 1      train  6001/30524 66:02/269:52   0.5750168979164563{"accusation": [0.951, 0.935, 0.943, 0.518, 0.465, 0.478], "article": [0.983, 0.975, 0.979, 0.848, 0.752, 0.78], "article_source": [0.999, 0.998, 0.998, 0.984, 0.907, 0.924]}
2022-08-23 09:11:06,703 - utils - INFO - 1      train  8001/30524 88:02/247:49   0.5728868703294903{"accusation": [0.951, 0.935, 0.943, 0.494, 0.444, 0.458], "article": [0.983, 0.975, 0.979, 0.848, 0.753, 0.78], "article_source": [0.999, 0.998, 0.998, 0.983, 0.909, 0.925]}
2022-08-23 09:33:07,089 - utils - INFO - 1      train  10001/30524 110:02/225:48 0.5721241325702718{"accusation": [0.95, 0.935, 0.943, 0.468, 0.418, 0.431], "article": [0.983, 0.976, 0.979, 0.853, 0.76, 0.787], "article_source": [0.999, 0.998, 0.998, 0.984, 0.91, 0.925]}
2022-08-23 09:55:06,375 - utils - INFO - 1      train  12001/30524 132:01/203:46 0.5695799555224574{"accusation": [0.951, 0.935, 0.943, 0.444, 0.394, 0.408], "article": [0.983, 0.976, 0.979, 0.859, 0.769, 0.794], "article_source": [0.999, 0.998, 0.998, 0.982, 0.918, 0.932]}
2022-08-23 10:17:06,665 - utils - INFO - 1      train  14001/30524 154:02/181:46 0.5682808610310965{"accusation": [0.95, 0.935, 0.943, 0.438, 0.382, 0.396], "article": [0.983, 0.976, 0.98, 0.859, 0.776, 0.799], "article_source": [0.999, 0.998, 0.998, 0.982, 0.924, 0.937]}
2022-08-23 10:39:06,678 - utils - INFO - 1      train  16001/30524 176:02/159:46 0.564738247493969{"accusation": [0.951, 0.936, 0.943, 0.446, 0.372, 0.386], "article": [0.983, 0.976, 0.98, 0.87, 0.78, 0.804], "article_source": [0.999, 0.998, 0.998, 0.981, 0.93, 0.944]}
2022-08-23 11:01:05,233 - utils - INFO - 1      train  18001/30524 198:00/137:45 0.5624790955979548{"accusation": [0.951, 0.936, 0.943, 0.439, 0.367, 0.38], "article": [0.983, 0.977, 0.98, 0.871, 0.785, 0.808], "article_source": [0.999, 0.998, 0.998, 0.98, 0.931, 0.945]}
2022-08-23 11:23:02,475 - utils - INFO - 1      train  20001/30524 219:57/115:43 0.5603673929603479{"accusation": [0.951, 0.936, 0.944, 0.426, 0.355, 0.369], "article": [0.983, 0.977, 0.98, 0.898, 0.789, 0.812], "article_source": [0.999, 0.998, 0.998, 0.981, 0.935, 0.95]}
2022-08-23 11:44:59,077 - utils - INFO - 1      train  22001/30524 241:54/93:42  0.558688130082982{"accusation": [0.951, 0.937, 0.944, 0.428, 0.357, 0.371], "article": [0.983, 0.977, 0.98, 0.91, 0.794, 0.818], "article_source": [0.999, 0.998, 0.998, 0.981, 0.939, 0.953]}
2022-08-23 12:06:56,222 - utils - INFO - 1      train  24001/30524 263:51/71:42  0.5564464112404748{"accusation": [0.952, 0.937, 0.944, 0.426, 0.357, 0.371], "article": [0.983, 0.977, 0.98, 0.906, 0.797, 0.819], "article_source": [0.999, 0.998, 0.998, 0.981, 0.939, 0.952]}
2022-08-23 12:28:52,297 - utils - INFO - 1      train  26001/30524 285:47/49:42  0.5557568577058902{"accusation": [0.951, 0.937, 0.944, 0.425, 0.359, 0.374], "article": [0.983, 0.977, 0.98, 0.907, 0.801, 0.824], "article_source": [0.999, 0.998, 0.998, 0.981, 0.943, 0.955]}
2022-08-23 12:50:48,787 - utils - INFO - 1      train  28001/30524 307:44/27:43  0.5545321773105815{"accusation": [0.951, 0.937, 0.944, 0.418, 0.355, 0.369], "article": [0.984, 0.978, 0.981, 0.91, 0.806, 0.829], "article_source": [0.999, 0.998, 0.998, 0.982, 0.946, 0.958]}
2022-08-23 13:12:47,920 - utils - INFO - 1      train  30001/30524 329:43/ 5:44  0.5523628904211227{"accusation": [0.951, 0.937, 0.944, 0.398, 0.336, 0.35], "article": [0.984, 0.978, 0.981, 0.911, 0.809, 0.832], "article_source": [0.999, 0.998, 0.999, 0.982, 0.947, 0.959]}
2022-08-23 13:18:33,216 - utils - INFO - 1      train  30524/30524 335:28/ 0:00  0.5520150987694604{"accusation": [0.951, 0.937, 0.944, 0.398, 0.329, 0.344], "article": [0.984, 0.978, 0.981, 0.911, 0.81, 0.833], "article_source": [0.999, 0.998, 0.999, 0.983, 0.947, 0.959]}
2022-08-23 13:18:34,887 - utils - INFO - 1      valid  1/3815      0:00/16:42    2.9897818565368652{"accusation": [1.0, 0.75, 0.857, 0.993, 0.99, 0.991], "article": [0.875, 0.875, 0.875, 0.986, 0.989, 0.987], "article_source": [1.0, 1.0, 1.0, 1.0, 1.0, 1.0]}
2022-08-23 13:27:08,613 - utils - INFO - 1      valid  2001/3815   8:33/ 7:45    0.5610221025614494{"accusation": [0.948, 0.943, 0.945, 0.66, 0.653, 0.652], "article": [0.981, 0.978, 0.98, 0.893, 0.894, 0.887], "article_source": [0.999, 0.998, 0.998, 0.986, 0.974, 0.979]}
2022-08-23 13:34:54,855 - utils - INFO - 1      valid  3815/3815  16:20/ 0:00    0.5610205620829062{"accusation": [0.948, 0.943, 0.945, 0.576, 0.566, 0.566], "article": [0.981, 0.979, 0.98, 0.891, 0.892, 0.886], "article_source": [0.999, 0.999, 0.999, 0.991, 0.973, 0.981]}
2022-08-23 13:34:56,869 - legal_judgment_prediction.train - INFO - Current learning rate: 1e-05
2022-08-23 13:34:57,535 - utils - INFO - 2      train  1/30524     0:00/338:26   0.6487997174263{"accusation": [0.875, 0.875, 0.875, 0.986, 0.986, 0.986], "article": [1.0, 1.0, 1.0, 1.0, 1.0, 1.0], "article_source": [1.0, 1.0, 1.0, 1.0, 1.0, 1.0]}
2022-08-23 13:56:53,816 - utils - INFO - 2      train  2001/30524 21:56/312:52   0.5199514122790136{"accusation": [0.954, 0.941, 0.948, 0.642, 0.606, 0.615], "article": [0.984, 0.98, 0.982, 0.892, 0.856, 0.866], "article_source": [0.999, 0.998, 0.998, 0.983, 0.971, 0.974]}
2022-08-23 14:18:50,091 - utils - INFO - 2      train  4001/30524 43:53/290:55   0.5150347442936591{"accusation": [0.953, 0.941, 0.947, 0.591, 0.547, 0.557], "article": [0.984, 0.98, 0.982, 0.904, 0.868, 0.879], "article_source": [0.999, 0.999, 0.999, 0.973, 0.983, 0.977]}
2022-08-23 14:40:45,006 - utils - INFO - 2      train  6001/30524 65:48/268:54   0.5104399750173801{"accusation": [0.953, 0.942, 0.948, 0.559, 0.517, 0.528], "article": [0.985, 0.981, 0.983, 0.919, 0.872, 0.884], "article_source": [0.999, 0.999, 0.999, 0.978, 0.978, 0.977]}
2022-08-23 15:02:41,558 - utils - INFO - 2      train  8001/30524 87:44/247:00   0.5103097917986857{"accusation": [0.953, 0.941, 0.947, 0.507, 0.465, 0.475], "article": [0.985, 0.981, 0.983, 0.92, 0.876, 0.886], "article_source": [0.999, 0.999, 0.999, 0.979, 0.982, 0.98]}
2022-08-23 15:24:36,816 - utils - INFO - 2      train  10001/30524 109:39/225:02 0.5088655895203223{"accusation": [0.953, 0.941, 0.947, 0.485, 0.439, 0.45], "article": [0.985, 0.981, 0.983, 0.918, 0.877, 0.886], "article_source": [0.999, 0.999, 0.999, 0.98, 0.98, 0.98]}
2022-08-23 15:46:33,035 - utils - INFO - 2      train  12001/30524 131:36/203:07 0.5103168995587194{"accusation": [0.952, 0.941, 0.947, 0.484, 0.439, 0.45], "article": [0.985, 0.981, 0.983, 0.92, 0.877, 0.887], "article_source": [0.999, 0.999, 0.999, 0.979, 0.981, 0.979]}
2022-08-23 16:08:29,947 - utils - INFO - 2      train  14001/30524 153:33/181:12 0.5106329799893792{"accusation": [0.953, 0.941, 0.947, 0.468, 0.42, 0.43], "article": [0.985, 0.981, 0.983, 0.927, 0.88, 0.89], "article_source": [0.999, 0.999, 0.999, 0.98, 0.98, 0.98]}
2022-08-23 16:30:26,215 - utils - INFO - 2      train  16001/30524 175:29/159:16 0.5096610312480733{"accusation": [0.952, 0.941, 0.947, 0.455, 0.407, 0.417], "article": [0.985, 0.982, 0.984, 0.929, 0.882, 0.893], "article_source": [0.999, 0.999, 0.999, 0.982, 0.98, 0.981]}
2022-08-23 16:52:23,193 - utils - INFO - 2      train  18001/30524 197:26/137:21 0.5102857022190693{"accusation": [0.952, 0.941, 0.947, 0.441, 0.394, 0.404], "article": [0.985, 0.982, 0.984, 0.93, 0.884, 0.894], "article_source": [0.999, 0.999, 0.999, 0.982, 0.978, 0.98]}
2022-08-23 17:14:18,624 - utils - INFO - 2      train  20001/30524 219:21/115:24 0.5128214372097339{"accusation": [0.952, 0.941, 0.947, 0.437, 0.387, 0.398], "article": [0.985, 0.982, 0.983, 0.933, 0.883, 0.895], "article_source": [0.999, 0.999, 0.999, 0.982, 0.979, 0.98]}
2022-08-23 17:36:14,113 - utils - INFO - 2      train  22001/30524 241:17/93:28  0.5146069646630995{"accusation": [0.952, 0.941, 0.947, 0.422, 0.373, 0.384], "article": [0.985, 0.982, 0.983, 0.933, 0.884, 0.896], "article_source": [0.999, 0.999, 0.999, 0.983, 0.979, 0.98]}
2022-08-23 17:58:10,439 - utils - INFO - 2      train  24001/30524 263:13/71:32  0.5141379327628495{"accusation": [0.952, 0.941, 0.947, 0.425, 0.374, 0.385], "article": [0.985, 0.982, 0.984, 0.934, 0.884, 0.898], "article_source": [0.999, 0.999, 0.999, 0.982, 0.977, 0.979]}
2022-08-23 18:20:07,762 - utils - INFO - 2      train  26001/30524 285:10/49:36  0.5145226076202478{"accusation": [0.952, 0.941, 0.947, 0.418, 0.368, 0.379], "article": [0.985, 0.981, 0.983, 0.934, 0.885, 0.898], "article_source": [0.999, 0.999, 0.999, 0.982, 0.977, 0.979]}
2022-08-23 18:42:03,382 - utils - INFO - 2      train  28001/30524 307:06/27:40  0.5124644396955068{"accusation": [0.953, 0.941, 0.947, 0.412, 0.361, 0.373], "article": [0.985, 0.982, 0.983, 0.934, 0.886, 0.899], "article_source": [0.999, 0.999, 0.999, 0.98, 0.977, 0.978]}
2022-08-23 19:04:00,972 - utils - INFO - 2      train  30001/30524 329:04/ 5:44  0.5151105294043034{"accusation": [0.952, 0.941, 0.947, 0.407, 0.354, 0.366], "article": [0.985, 0.981, 0.983, 0.934, 0.885, 0.899], "article_source": [0.999, 0.999, 0.999, 0.979, 0.975, 0.977]}
2022-08-23 19:09:45,779 - utils - INFO - 2      train  30524/30524 334:48/ 0:00  0.5138657427791535{"accusation": [0.952, 0.941, 0.947, 0.414, 0.355, 0.366], "article": [0.985, 0.982, 0.983, 0.934, 0.885, 0.899], "article_source": [0.999, 0.999, 0.999, 0.98, 0.975, 0.977]}
2022-08-23 19:09:47,439 - utils - INFO - 2      valid  1/3815      0:00/16:36    2.862703323364258{"accusation": [1.0, 0.875, 0.933, 0.993, 0.993, 0.993], "article": [0.75, 0.75, 0.75, 0.974, 0.974, 0.974], "article_source": [1.0, 1.0, 1.0, 1.0, 1.0, 1.0]}
2022-08-23 19:18:20,905 - utils - INFO - 2      valid  2001/3815   8:33/ 7:45    0.6131260993842816{"accusation": [0.946, 0.942, 0.944, 0.686, 0.694, 0.682], "article": [0.98, 0.979, 0.979, 0.929, 0.926, 0.92], "article_source": [0.999, 0.999, 0.999, 0.98, 0.982, 0.981]}
2022-08-23 19:26:06,918 - utils - INFO - 2      valid  3815/3815  16:19/ 0:00    0.6182291528327832{"accusation": [0.944, 0.942, 0.943, 0.594, 0.599, 0.59], "article": [0.98, 0.979, 0.979, 0.928, 0.925, 0.921], "article_source": [0.999, 0.999, 0.999, 0.982, 0.985, 0.984]}
2022-08-23 19:26:08,944 - legal_judgment_prediction.train - INFO - Current learning rate: 1e-05
2022-08-23 19:26:09,608 - utils - INFO - 3      train  1/30524     0:00/337:39   0.003999724052846432{"accusation": [1.0, 1.0, 1.0, 1.0, 1.0, 1.0], "article": [1.0, 1.0, 1.0, 1.0, 1.0, 1.0], "article_source": [1.0, 1.0, 1.0, 1.0, 1.0, 1.0]}
2022-08-23 19:48:07,096 - utils - INFO - 3      train  2001/30524 21:58/313:09   0.46823941239680367{"accusation": [0.954, 0.944, 0.949, 0.667, 0.634, 0.643], "article": [0.988, 0.985, 0.986, 0.933, 0.89, 0.902], "article_source": [0.999, 0.999, 0.999, 0.984, 0.986, 0.985]}
2022-08-23 20:10:03,501 - utils - INFO - 3      train  4001/30524 43:54/291:04   0.4678940698874265{"accusation": [0.955, 0.945, 0.95, 0.611, 0.577, 0.587], "article": [0.987, 0.984, 0.985, 0.937, 0.89, 0.904], "article_source": [0.999, 0.999, 0.999, 0.99, 0.992, 0.991]}
2022-08-23 20:31:59,525 - utils - INFO - 3      train  6001/30524 65:50/269:03   0.4745325981035425{"accusation": [0.955, 0.945, 0.95, 0.582, 0.539, 0.552], "article": [0.987, 0.984, 0.985, 0.941, 0.895, 0.909], "article_source": [0.999, 0.999, 0.999, 0.987, 0.986, 0.987]}
2022-08-23 20:53:54,419 - utils - INFO - 3      train  8001/30524 87:45/247:02   0.47417133540363987{"accusation": [0.955, 0.945, 0.95, 0.547, 0.503, 0.516], "article": [0.987, 0.984, 0.986, 0.943, 0.903, 0.916], "article_source": [0.999, 0.999, 0.999, 0.984, 0.984, 0.984]}
2022-08-23 21:15:51,551 - utils - INFO - 3      train  10001/30524 109:42/225:08 0.4737921493035308{"accusation": [0.956, 0.945, 0.95, 0.528, 0.478, 0.493], "article": [0.987, 0.984, 0.986, 0.943, 0.905, 0.917], "article_source": [0.999, 0.999, 0.999, 0.984, 0.983, 0.984]}
2022-08-23 21:37:48,367 - utils - INFO - 3      train  12001/30524 131:39/203:12 0.4792738724505276{"accusation": [0.955, 0.945, 0.95, 0.505, 0.458, 0.472], "article": [0.987, 0.984, 0.986, 0.944, 0.907, 0.919], "article_source": [0.999, 0.999, 0.999, 0.983, 0.984, 0.983]}
2022-08-23 21:59:45,111 - utils - INFO - 3      train  14001/30524 153:36/181:16 0.48398937784248525{"accusation": [0.954, 0.945, 0.949, 0.492, 0.445, 0.459], "article": [0.987, 0.984, 0.986, 0.946, 0.91, 0.922], "article_source": [0.999, 0.999, 0.999, 0.982, 0.982, 0.982]}
2022-08-23 22:21:42,020 - utils - INFO - 3      train  16001/30524 175:33/159:20 0.4871353170795325{"accusation": [0.954, 0.944, 0.949, 0.474, 0.431, 0.444], "article": [0.987, 0.984, 0.986, 0.946, 0.911, 0.922], "article_source": [0.999, 0.999, 0.999, 0.983, 0.984, 0.983]}
2022-08-23 22:43:38,545 - utils - INFO - 3      train  18001/30524 197:29/137:23 0.4889224280363777{"accusation": [0.954, 0.945, 0.949, 0.463, 0.418, 0.431], "article": [0.987, 0.984, 0.985, 0.946, 0.91, 0.922], "article_source": [0.999, 0.999, 0.999, 0.982, 0.983, 0.983]}
2022-08-23 23:05:35,637 - utils - INFO - 3      train  20001/30524 219:26/115:27 0.494291844682051{"accusation": [0.954, 0.944, 0.949, 0.455, 0.41, 0.424], "article": [0.987, 0.984, 0.985, 0.945, 0.906, 0.919], "article_source": [0.999, 0.999, 0.999, 0.981, 0.981, 0.981]}
2022-08-23 23:27:31,624 - utils - INFO - 3      train  22001/30524 241:22/93:30  0.49671844345365634{"accusation": [0.954, 0.944, 0.949, 0.455, 0.41, 0.423], "article": [0.987, 0.984, 0.985, 0.944, 0.907, 0.92], "article_source": [0.999, 0.999, 0.999, 0.981, 0.98, 0.98]}
2022-08-23 23:49:26,960 - utils - INFO - 3      train  24001/30524 263:18/71:33  0.4974125629199081{"accusation": [0.954, 0.944, 0.949, 0.435, 0.391, 0.404], "article": [0.987, 0.983, 0.985, 0.943, 0.906, 0.919], "article_source": [0.999, 0.999, 0.999, 0.981, 0.981, 0.981]}
2022-08-24 00:11:24,315 - utils - INFO - 3      train  26001/30524 285:15/49:37  0.4972636879854129{"accusation": [0.954, 0.944, 0.949, 0.434, 0.39, 0.403], "article": [0.987, 0.984, 0.985, 0.943, 0.908, 0.92], "article_source": [0.999, 0.999, 0.999, 0.982, 0.981, 0.982]}
2022-08-24 00:33:18,732 - utils - INFO - 3      train  28001/30524 307:09/27:40  0.49654774950407676{"accusation": [0.954, 0.944, 0.949, 0.421, 0.377, 0.39], "article": [0.987, 0.984, 0.985, 0.942, 0.909, 0.921], "article_source": [0.999, 0.999, 0.999, 0.983, 0.982, 0.982]}
2022-08-24 00:55:26,239 - utils - INFO - 3      train  30001/30524 329:17/ 5:44  0.4960328938346569{"accusation": [0.954, 0.944, 0.949, 0.414, 0.37, 0.383], "article": [0.987, 0.984, 0.985, 0.942, 0.909, 0.921], "article_source": [0.999, 0.999, 0.999, 0.983, 0.981, 0.982]}
2022-08-24 01:01:20,560 - utils - INFO - 3      train  30524/30524 335:11/ 0:00  0.4958083349376406{"accusation": [0.954, 0.944, 0.949, 0.414, 0.37, 0.383], "article": [0.987, 0.984, 0.985, 0.942, 0.909, 0.922], "article_source": [0.999, 0.999, 0.999, 0.983, 0.981, 0.982]}
2022-08-24 01:01:22,858 - utils - INFO - 3      valid  1/3815      0:00/17:04    3.0440673828125{"accusation": [1.0, 0.875, 0.933, 0.993, 0.993, 0.993], "article": [0.75, 0.75, 0.75, 0.967, 0.963, 0.964], "article_source": [1.0, 1.0, 1.0, 1.0, 1.0, 1.0]}
2022-08-24 01:10:10,922 - utils - INFO - 3      valid  2001/3815   8:48/ 7:58    0.5899246109740065{"accusation": [0.947, 0.944, 0.946, 0.674, 0.668, 0.664], "article": [0.982, 0.98, 0.981, 0.928, 0.928, 0.921], "article_source": [0.998, 0.998, 0.998, 0.985, 0.971, 0.977]}
2022-08-24 01:18:13,338 - utils - INFO - 3      valid  3815/3815  16:50/ 0:00    0.5996830396663317{"accusation": [0.947, 0.944, 0.945, 0.583, 0.573, 0.571], "article": [0.982, 0.98, 0.981, 0.926, 0.932, 0.924], "article_source": [0.999, 0.998, 0.998, 0.983, 0.981, 0.982]}
2022-08-24 01:47:32,566 - root - INFO - main.py -c configs/bert/lead_3/one_label/config.ini -m train -g 0 -bs 8
2022-08-24 01:47:32,566 - legal_judgment_prediction.initialize - INFO - Start to initialize.
2022-08-24 01:47:32,566 - legal_judgment_prediction.initialize - INFO - CUDA available: True
2022-08-24 01:47:32,566 - legal_judgment_prediction.model.initialize - INFO - Start to initialize model.
2022-08-24 01:47:32,567 - pytorch_pretrained_bert.modeling - INFO - loading archive file models/bert-base-chinese
2022-08-24 01:47:32,567 - pytorch_pretrained_bert.modeling - INFO - Model config {
  "architectures": [
    "BertForMaskedLM"
  ],
  "attention_probs_dropout_prob": 0.1,
  "directionality": "bidi",
  "hidden_act": "gelu",
  "hidden_dropout_prob": 0.1,
  "hidden_size": 768,
  "initializer_range": 0.02,
  "intermediate_size": 3072,
  "layer_norm_eps": 1e-12,
  "max_position_embeddings": 512,
  "model_type": "bert",
  "num_attention_heads": 12,
  "num_hidden_layers": 12,
  "pad_token_id": 0,
  "pooler_fc_size": 768,
  "pooler_num_attention_heads": 12,
  "pooler_num_fc_layers": 3,
  "pooler_size_per_head": 128,
  "pooler_type": "first_token_transform",
  "type_vocab_size": 2,
  "vocab_size": 21128
}

2022-08-24 01:47:33,556 - legal_judgment_prediction.model.initialize - INFO - Initialize model successfully.
2022-08-24 01:47:33,556 - legal_judgment_prediction.initialize - INFO - Start to initialize multiple gpus.
2022-08-24 01:47:34,920 - legal_judgment_prediction.initialize - INFO - Initialize multiple gpus successfully.
2022-08-24 01:47:34,920 - legal_judgment_prediction.model.initialize - INFO - Start to initialize optimizer.
2022-08-24 01:47:34,920 - pytorch_pretrained_bert.optimization - WARNING - t_total value of -1 results in schedule not being applied
2022-08-24 01:47:34,921 - legal_judgment_prediction.model.initialize - INFO - Initialize optimizer successfully.
2022-08-24 01:47:34,921 - legal_judgment_prediction.initialize - WARNING - The path of checkpoint is none.
2022-08-24 01:47:34,921 - legal_judgment_prediction.dataset.initialize - INFO - Start to initialize train dataloader.
2022-08-24 01:47:38,399 - legal_judgment_prediction.formatter.initialize - INFO - Start to initialize formatter.
2022-08-24 01:47:38,413 - legal_judgment_prediction.formatter.initialize - INFO - Initialize formatter successfully.
2022-08-24 01:47:38,413 - legal_judgment_prediction.dataset.initialize - INFO - Initialize train dataloader successfully.
2022-08-24 01:47:38,413 - legal_judgment_prediction.dataset.initialize - INFO - Start to initialize valid dataloader.
2022-08-24 01:47:38,672 - legal_judgment_prediction.formatter.initialize - INFO - Start to initialize formatter.
2022-08-24 01:47:38,687 - legal_judgment_prediction.formatter.initialize - INFO - Initialize formatter successfully.
2022-08-24 01:47:38,687 - legal_judgment_prediction.dataset.initialize - INFO - Initialize valid dataloader successfully.
2022-08-24 01:47:38,687 - legal_judgment_prediction.output.initialize - INFO - Start to initialize output function.
2022-08-24 01:47:38,687 - legal_judgment_prediction.output.initialize - INFO - Initialize output function successfully.
2022-08-24 01:47:38,688 - legal_judgment_prediction.initialize - WARNING - The path of output results/legal_judgment_prediction/bert/lead_3/one_label does not exist.
2022-08-24 01:47:38,688 - legal_judgment_prediction.initialize - INFO - Make the directory automatically.
2022-08-24 01:47:38,690 - legal_judgment_prediction.initialize - INFO - Initialize successfully.
2022-08-24 01:47:38,690 - legal_judgment_prediction.train - INFO - Start to train model.
2022-08-24 01:47:38,690 - legal_judgment_prediction.train - INFO - Epoch  Stage  Iterations  Time Usage    Loss    Output Information
2022-08-24 01:47:38,690 - legal_judgment_prediction.train - INFO - Current learning rate: 1e-05
2022-08-24 01:47:39,442 - utils - INFO - 0      train  1/30524     0:00/382:23   193.95034790039062{"accusation": [0.007, 0.5, 0.013, 0.18, 0.203, 0.183], "article": [0.006, 0.25, 0.011, 0.149, 0.156, 0.151], "article_source": [0.036, 0.375, 0.066, 0.226, 0.211, 0.216]}
2022-08-24 02:09:06,921 - utils - INFO - 0      train  2001/30524 21:28/306:02   6.223026662096865{"accusation": [0.626, 0.504, 0.559, 0.056, 0.037, 0.041], "article": [0.727, 0.538, 0.618, 0.041, 0.033, 0.035], "article_source": [0.894, 0.911, 0.902, 0.088, 0.082, 0.084]}
2022-08-24 02:30:33,919 - utils - INFO - 0      train  4001/30524 42:55/284:31   4.692364855327031{"accusation": [0.754, 0.586, 0.66, 0.052, 0.031, 0.035], "article": [0.817, 0.626, 0.709, 0.085, 0.046, 0.052], "article_source": [0.929, 0.931, 0.93, 0.138, 0.096, 0.1]}
2022-08-24 02:52:01,324 - utils - INFO - 0      train  6001/30524 64:22/263:04   4.08479693773597{"accusation": [0.797, 0.628, 0.702, 0.064, 0.038, 0.044], "article": [0.846, 0.67, 0.748, 0.126, 0.063, 0.075], "article_source": [0.941, 0.939, 0.94, 0.151, 0.109, 0.116]}
2022-08-24 03:13:29,671 - utils - INFO - 0      train  8001/30524 85:50/241:40   3.727357180025291{"accusation": [0.818, 0.656, 0.728, 0.082, 0.045, 0.052], "article": [0.862, 0.697, 0.771, 0.15, 0.077, 0.093], "article_source": [0.948, 0.944, 0.946, 0.197, 0.126, 0.136]}
2022-08-24 03:34:58,390 - utils - INFO - 0      train  10001/30524 107:19/220:14 3.498917864058038{"accusation": [0.831, 0.674, 0.744, 0.099, 0.049, 0.057], "article": [0.872, 0.714, 0.785, 0.164, 0.087, 0.104], "article_source": [0.953, 0.947, 0.95, 0.236, 0.138, 0.152]}
2022-08-24 03:56:26,370 - utils - INFO - 0      train  12001/30524 128:47/198:47 3.341943948439097{"accusation": [0.838, 0.685, 0.754, 0.107, 0.054, 0.062], "article": [0.878, 0.725, 0.794, 0.181, 0.096, 0.115], "article_source": [0.956, 0.949, 0.953, 0.252, 0.15, 0.168]}
2022-08-24 04:17:55,124 - utils - INFO - 0      train  14001/30524 150:16/177:20 3.2262494375147113{"accusation": [0.845, 0.694, 0.762, 0.106, 0.051, 0.061], "article": [0.882, 0.733, 0.801, 0.203, 0.104, 0.125], "article_source": [0.958, 0.951, 0.954, 0.362, 0.165, 0.189]}
2022-08-24 04:39:23,322 - utils - INFO - 0      train  16001/30524 171:44/155:52 3.1323254959821107{"accusation": [0.849, 0.701, 0.768, 0.116, 0.055, 0.066], "article": [0.885, 0.741, 0.807, 0.223, 0.111, 0.134], "article_source": [0.959, 0.953, 0.956, 0.378, 0.176, 0.204]}
2022-08-24 05:00:51,450 - utils - INFO - 0      train  18001/30524 193:12/134:24 3.057590133594603{"accusation": [0.852, 0.707, 0.773, 0.124, 0.058, 0.07], "article": [0.887, 0.747, 0.811, 0.237, 0.118, 0.142], "article_source": [0.961, 0.954, 0.957, 0.409, 0.191, 0.225]}
2022-08-24 05:22:21,144 - utils - INFO - 0      train  20001/30524 214:42/112:57 2.9933854598083744{"accusation": [0.854, 0.713, 0.777, 0.13, 0.062, 0.075], "article": [0.889, 0.752, 0.814, 0.246, 0.124, 0.149], "article_source": [0.962, 0.955, 0.958, 0.433, 0.206, 0.245]}
2022-08-24 05:43:49,512 - utils - INFO - 0      train  22001/30524 236:10/91:29  2.939211263877526{"accusation": [0.856, 0.717, 0.78, 0.136, 0.066, 0.081], "article": [0.89, 0.756, 0.817, 0.257, 0.13, 0.157], "article_source": [0.962, 0.956, 0.959, 0.434, 0.221, 0.265]}
2022-08-24 06:05:18,989 - utils - INFO - 0      train  24001/30524 257:40/70:01  2.890824517729827{"accusation": [0.858, 0.72, 0.783, 0.142, 0.07, 0.085], "article": [0.891, 0.76, 0.82, 0.266, 0.136, 0.165], "article_source": [0.963, 0.957, 0.96, 0.469, 0.236, 0.285]}
2022-08-24 06:26:47,766 - utils - INFO - 0      train  26001/30524 279:09/48:33  2.8477456085371715{"accusation": [0.86, 0.724, 0.786, 0.15, 0.073, 0.09], "article": [0.893, 0.763, 0.823, 0.279, 0.142, 0.172], "article_source": [0.964, 0.958, 0.961, 0.486, 0.253, 0.306]}
2022-08-24 06:48:16,030 - utils - INFO - 0      train  28001/30524 300:37/27:05  2.8106131947919883{"accusation": [0.862, 0.727, 0.789, 0.155, 0.077, 0.095], "article": [0.893, 0.766, 0.825, 0.284, 0.147, 0.179], "article_source": [0.964, 0.958, 0.961, 0.502, 0.266, 0.324]}
2022-08-24 07:09:45,964 - utils - INFO - 0      train  30001/30524 322:07/ 5:36  2.77464758403786{"accusation": [0.863, 0.731, 0.792, 0.166, 0.08, 0.099], "article": [0.894, 0.768, 0.827, 0.301, 0.152, 0.185], "article_source": [0.965, 0.959, 0.962, 0.53, 0.281, 0.342]}
2022-08-24 07:15:23,642 - utils - INFO - 0      train  30524/30524 327:44/ 0:00  2.7660007891863954{"accusation": [0.864, 0.732, 0.792, 0.167, 0.081, 0.1], "article": [0.894, 0.769, 0.827, 0.303, 0.154, 0.186], "article_source": [0.965, 0.959, 0.962, 0.533, 0.284, 0.346]}
2022-08-24 07:15:25,302 - utils - INFO - 0      valid  1/3815      0:00/15:49    8.007917404174805{"accusation": [0.667, 0.5, 0.571, 0.973, 0.966, 0.968], "article": [0.667, 0.5, 0.571, 0.961, 0.959, 0.957], "article_source": [0.875, 0.875, 0.875, 0.976, 0.993, 0.98]}
2022-08-24 07:23:38,680 - utils - INFO - 0      valid  2001/3815   8:13/ 7:27    2.425119795795085{"accusation": [0.862, 0.788, 0.824, 0.5, 0.455, 0.47], "article": [0.892, 0.811, 0.85, 0.345, 0.272, 0.291], "article_source": [0.971, 0.97, 0.971, 0.684, 0.56, 0.601]}
2022-08-24 07:31:04,721 - utils - INFO - 0      valid  3815/3815  15:39/ 0:00    2.364586730534272{"accusation": [0.865, 0.792, 0.827, 0.409, 0.363, 0.378], "article": [0.894, 0.815, 0.852, 0.35, 0.256, 0.279], "article_source": [0.972, 0.972, 0.972, 0.678, 0.56, 0.602]}
2022-08-24 07:31:06,556 - legal_judgment_prediction.train - INFO - Current learning rate: 1e-05
2022-08-24 07:31:07,207 - utils - INFO - 1      train  1/30524     0:00/330:57   3.5743966102600098{"accusation": [0.857, 0.75, 0.8, 0.984, 0.986, 0.985], "article": [0.857, 0.75, 0.8, 0.974, 0.978, 0.976], "article_source": [1.0, 1.0, 1.0, 1.0, 1.0, 1.0]}
2022-08-24 07:52:36,491 - utils - INFO - 1      train  2001/30524 21:29/306:27   2.2373857305369813{"accusation": [0.882, 0.784, 0.83, 0.513, 0.459, 0.474], "article": [0.905, 0.805, 0.852, 0.358, 0.25, 0.281], "article_source": [0.973, 0.97, 0.972, 0.702, 0.569, 0.615]}
2022-08-24 08:14:08,174 - utils - INFO - 1      train  4001/30524 43:01/285:13   2.2427833162674573{"accusation": [0.883, 0.782, 0.83, 0.421, 0.359, 0.376], "article": [0.905, 0.806, 0.853, 0.394, 0.256, 0.291], "article_source": [0.973, 0.97, 0.971, 0.738, 0.579, 0.63]}
2022-08-24 08:35:39,238 - utils - INFO - 1      train  6001/30524 64:32/263:45   2.2248716643286524{"accusation": [0.884, 0.785, 0.832, 0.369, 0.307, 0.325], "article": [0.906, 0.809, 0.855, 0.39, 0.259, 0.293], "article_source": [0.972, 0.97, 0.971, 0.735, 0.583, 0.633]}
2022-08-24 08:57:10,623 - utils - INFO - 1      train  8001/30524 86:04/242:16   2.2095136203830013{"accusation": [0.885, 0.788, 0.834, 0.342, 0.283, 0.3], "article": [0.908, 0.811, 0.856, 0.408, 0.262, 0.297], "article_source": [0.972, 0.97, 0.971, 0.732, 0.587, 0.635]}
2022-08-24 09:18:38,912 - utils - INFO - 1      train  10001/30524 107:32/220:40 2.198862502495185{"accusation": [0.885, 0.789, 0.834, 0.315, 0.251, 0.268], "article": [0.907, 0.812, 0.857, 0.457, 0.266, 0.303], "article_source": [0.973, 0.97, 0.971, 0.777, 0.592, 0.643]}
2022-08-24 09:40:05,178 - utils - INFO - 1      train  12001/30524 128:58/199:04 2.199931682886877{"accusation": [0.885, 0.789, 0.834, 0.295, 0.232, 0.249], "article": [0.907, 0.812, 0.857, 0.467, 0.269, 0.307], "article_source": [0.973, 0.971, 0.972, 0.782, 0.598, 0.652]}
2022-08-24 10:01:31,990 - utils - INFO - 1      train  14001/30524 150:25/177:31 2.1983358728018305{"accusation": [0.886, 0.791, 0.835, 0.289, 0.226, 0.243], "article": [0.907, 0.813, 0.857, 0.467, 0.272, 0.312], "article_source": [0.973, 0.971, 0.972, 0.778, 0.599, 0.653]}
2022-08-24 10:22:59,795 - utils - INFO - 1      train  16001/30524 171:53/156:00 2.1938279314675206{"accusation": [0.886, 0.792, 0.836, 0.279, 0.214, 0.23], "article": [0.907, 0.813, 0.858, 0.479, 0.275, 0.316], "article_source": [0.973, 0.971, 0.972, 0.774, 0.6, 0.652]}
2022-08-24 10:44:27,745 - utils - INFO - 1      train  18001/30524 193:21/134:30 2.194814676883915{"accusation": [0.886, 0.792, 0.836, 0.279, 0.207, 0.224], "article": [0.907, 0.813, 0.858, 0.487, 0.278, 0.319], "article_source": [0.972, 0.971, 0.972, 0.776, 0.602, 0.655]}
2022-08-24 11:05:54,500 - utils - INFO - 1      train  20001/30524 214:47/113:00 2.1939348500539717{"accusation": [0.886, 0.792, 0.836, 0.279, 0.208, 0.224], "article": [0.907, 0.813, 0.857, 0.497, 0.28, 0.322], "article_source": [0.972, 0.971, 0.972, 0.776, 0.601, 0.654]}
2022-08-24 11:27:21,564 - utils - INFO - 1      train  22001/30524 236:15/91:31  2.193246574032083{"accusation": [0.886, 0.792, 0.836, 0.274, 0.201, 0.218], "article": [0.907, 0.813, 0.858, 0.495, 0.283, 0.326], "article_source": [0.972, 0.971, 0.972, 0.821, 0.605, 0.659]}
2022-08-24 11:48:46,948 - utils - INFO - 1      train  24001/30524 257:40/70:01  2.1894728478258{"accusation": [0.886, 0.792, 0.837, 0.264, 0.189, 0.206], "article": [0.907, 0.814, 0.858, 0.497, 0.288, 0.332], "article_source": [0.973, 0.971, 0.972, 0.823, 0.609, 0.661]}
2022-08-24 12:10:14,350 - utils - INFO - 1      train  26001/30524 279:07/48:33  2.1938621932883167{"accusation": [0.886, 0.792, 0.836, 0.257, 0.183, 0.199], "article": [0.907, 0.814, 0.858, 0.497, 0.29, 0.335], "article_source": [0.972, 0.971, 0.972, 0.826, 0.61, 0.663]}
2022-08-24 12:31:41,516 - utils - INFO - 1      train  28001/30524 300:34/27:05  2.1945156435249413{"accusation": [0.885, 0.792, 0.836, 0.257, 0.183, 0.2], "article": [0.907, 0.814, 0.858, 0.495, 0.294, 0.339], "article_source": [0.972, 0.971, 0.972, 0.826, 0.613, 0.667]}
2022-08-24 12:53:09,279 - utils - INFO - 1      train  30001/30524 322:02/ 5:36  2.1967129281012894{"accusation": [0.885, 0.792, 0.836, 0.252, 0.17, 0.187], "article": [0.906, 0.814, 0.858, 0.512, 0.297, 0.344], "article_source": [0.972, 0.971, 0.972, 0.847, 0.613, 0.669]}
2022-08-24 12:58:45,614 - utils - INFO - 1      train  30524/30524 327:39/ 0:00  2.1957532347867303{"accusation": [0.885, 0.792, 0.836, 0.252, 0.17, 0.187], "article": [0.906, 0.814, 0.858, 0.513, 0.298, 0.346], "article_source": [0.972, 0.971, 0.972, 0.848, 0.615, 0.67]}
2022-08-24 12:58:47,239 - utils - INFO - 1      valid  1/3815      0:00/15:34    6.471921443939209{"accusation": [0.8, 0.5, 0.615, 0.98, 0.973, 0.975], "article": [0.8, 0.5, 0.615, 0.967, 0.959, 0.961], "article_source": [1.0, 0.875, 0.933, 1.0, 0.993, 0.996]}
2022-08-24 13:06:57,327 - utils - INFO - 1      valid  2001/3815   8:10/ 7:24    2.222484107749692{"accusation": [0.891, 0.788, 0.837, 0.521, 0.473, 0.486], "article": [0.912, 0.811, 0.858, 0.509, 0.368, 0.404], "article_source": [0.973, 0.971, 0.972, 0.787, 0.677, 0.721]}
2022-08-24 13:14:21,273 - utils - INFO - 1      valid  3815/3815  15:34/ 0:00    2.167851179371909{"accusation": [0.892, 0.791, 0.839, 0.426, 0.379, 0.392], "article": [0.912, 0.815, 0.86, 0.49, 0.356, 0.39], "article_source": [0.974, 0.972, 0.973, 0.771, 0.675, 0.712]}
2022-08-24 13:14:23,255 - legal_judgment_prediction.train - INFO - Current learning rate: 1e-05
2022-08-24 13:14:23,907 - utils - INFO - 2      train  1/30524     0:00/331:22   0.17934003472328186{"accusation": [1.0, 1.0, 1.0, 1.0, 1.0, 1.0], "article": [1.0, 1.0, 1.0, 1.0, 1.0, 1.0], "article_source": [1.0, 1.0, 1.0, 1.0, 1.0, 1.0]}
2022-08-24 13:35:48,815 - utils - INFO - 2      train  2001/30524 21:25/305:24   2.044751739013067{"accusation": [0.893, 0.808, 0.848, 0.541, 0.49, 0.506], "article": [0.913, 0.831, 0.87, 0.51, 0.371, 0.413], "article_source": [0.973, 0.973, 0.973, 0.814, 0.675, 0.724]}
2022-08-24 13:57:15,205 - utils - INFO - 2      train  4001/30524 42:51/284:09   2.073695978116718{"accusation": [0.891, 0.804, 0.846, 0.441, 0.385, 0.403], "article": [0.912, 0.827, 0.867, 0.513, 0.355, 0.401], "article_source": [0.974, 0.974, 0.974, 0.828, 0.672, 0.727]}
2022-08-24 14:18:43,079 - utils - INFO - 2      train  6001/30524 64:19/262:53   2.1034662074964556{"accusation": [0.89, 0.802, 0.844, 0.423, 0.367, 0.385], "article": [0.909, 0.825, 0.865, 0.512, 0.357, 0.403], "article_source": [0.974, 0.973, 0.974, 0.819, 0.674, 0.723]}
2022-08-24 14:40:11,091 - utils - INFO - 2      train  8001/30524 85:47/241:31   2.1105110053007485{"accusation": [0.889, 0.803, 0.844, 0.339, 0.278, 0.296], "article": [0.908, 0.825, 0.864, 0.519, 0.364, 0.41], "article_source": [0.974, 0.973, 0.974, 0.825, 0.684, 0.733]}
2022-08-24 15:01:38,967 - utils - INFO - 2      train  10001/30524 107:15/220:06 2.0969521560770548{"accusation": [0.889, 0.804, 0.844, 0.354, 0.279, 0.298], "article": [0.908, 0.825, 0.865, 0.543, 0.366, 0.414], "article_source": [0.974, 0.973, 0.974, 0.876, 0.684, 0.737]}
2022-08-24 15:23:07,314 - utils - INFO - 2      train  12001/30524 128:44/198:41 2.1032265196039464{"accusation": [0.888, 0.803, 0.844, 0.343, 0.272, 0.29], "article": [0.908, 0.825, 0.864, 0.544, 0.367, 0.414], "article_source": [0.974, 0.973, 0.974, 0.877, 0.68, 0.735]}
2022-08-24 15:44:34,332 - utils - INFO - 2      train  14001/30524 150:11/177:14 2.1073267923831795{"accusation": [0.888, 0.803, 0.843, 0.336, 0.259, 0.277], "article": [0.907, 0.825, 0.864, 0.552, 0.366, 0.413], "article_source": [0.974, 0.973, 0.974, 0.87, 0.679, 0.733]}
2022-08-24 16:06:02,995 - utils - INFO - 2      train  16001/30524 171:39/155:48 2.1062314164327196{"accusation": [0.888, 0.803, 0.843, 0.337, 0.254, 0.272], "article": [0.907, 0.825, 0.864, 0.566, 0.366, 0.414], "article_source": [0.974, 0.973, 0.974, 0.877, 0.682, 0.737]}
2022-08-24 16:27:30,592 - utils - INFO - 2      train  18001/30524 193:07/134:21 2.111083093004772{"accusation": [0.887, 0.801, 0.842, 0.34, 0.253, 0.272], "article": [0.907, 0.825, 0.864, 0.563, 0.367, 0.414], "article_source": [0.974, 0.972, 0.973, 0.871, 0.677, 0.732]}
2022-08-24 16:48:57,926 - utils - INFO - 2      train  20001/30524 214:34/112:53 2.1091370006383334{"accusation": [0.887, 0.802, 0.842, 0.34, 0.253, 0.272], "article": [0.908, 0.825, 0.864, 0.566, 0.366, 0.415], "article_source": [0.974, 0.972, 0.973, 0.872, 0.675, 0.731]}
2022-08-24 17:10:24,146 - utils - INFO - 2      train  22001/30524 236:00/91:25  2.10812532398009{"accusation": [0.887, 0.802, 0.842, 0.319, 0.234, 0.252], "article": [0.908, 0.825, 0.864, 0.583, 0.366, 0.415], "article_source": [0.974, 0.972, 0.973, 0.87, 0.676, 0.731]}
2022-08-24 17:31:49,609 - utils - INFO - 2      train  24001/30524 257:26/69:58  2.1090544673218914{"accusation": [0.887, 0.801, 0.842, 0.315, 0.234, 0.253], "article": [0.908, 0.824, 0.864, 0.594, 0.368, 0.417], "article_source": [0.974, 0.972, 0.973, 0.871, 0.677, 0.732]}
2022-08-24 17:53:16,075 - utils - INFO - 2      train  26001/30524 278:52/48:30  2.1051239549139695{"accusation": [0.887, 0.802, 0.843, 0.302, 0.221, 0.239], "article": [0.908, 0.825, 0.864, 0.594, 0.367, 0.416], "article_source": [0.974, 0.972, 0.973, 0.873, 0.678, 0.733]}
2022-08-24 18:14:42,110 - utils - INFO - 2      train  28001/30524 300:18/27:03  2.105222926657341{"accusation": [0.888, 0.802, 0.843, 0.29, 0.208, 0.226], "article": [0.908, 0.825, 0.864, 0.595, 0.366, 0.416], "article_source": [0.974, 0.972, 0.973, 0.857, 0.677, 0.733]}
2022-08-24 18:36:09,897 - utils - INFO - 2      train  30001/30524 321:46/ 5:36  2.1073173774943794{"accusation": [0.887, 0.802, 0.842, 0.276, 0.194, 0.212], "article": [0.908, 0.824, 0.864, 0.602, 0.367, 0.417], "article_source": [0.974, 0.972, 0.973, 0.857, 0.678, 0.733]}
2022-08-24 18:41:46,676 - utils - INFO - 2      train  30524/30524 327:23/ 0:00  2.1069209898736942{"accusation": [0.887, 0.802, 0.843, 0.269, 0.187, 0.206], "article": [0.908, 0.824, 0.864, 0.602, 0.368, 0.417], "article_source": [0.974, 0.972, 0.973, 0.858, 0.679, 0.734]}
2022-08-24 18:41:48,315 - utils - INFO - 2      valid  1/3815      0:00/15:41    6.886096000671387{"accusation": [0.667, 0.5, 0.571, 0.973, 0.966, 0.968], "article": [0.667, 0.5, 0.571, 0.961, 0.959, 0.957], "article_source": [0.875, 0.875, 0.875, 0.976, 0.993, 0.98]}
2022-08-24 18:49:57,810 - utils - INFO - 2      valid  2001/3815   8:09/ 7:23    2.3327647616499396{"accusation": [0.869, 0.801, 0.833, 0.536, 0.488, 0.5], "article": [0.889, 0.825, 0.856, 0.514, 0.403, 0.43], "article_source": [0.971, 0.97, 0.971, 0.793, 0.686, 0.727]}
2022-08-24 18:57:22,370 - utils - INFO - 2      valid  3815/3815  15:34/ 0:00    2.281277316639769{"accusation": [0.872, 0.804, 0.837, 0.446, 0.393, 0.406], "article": [0.892, 0.829, 0.859, 0.506, 0.394, 0.422], "article_source": [0.973, 0.972, 0.972, 0.835, 0.7, 0.739]}
2022-08-24 20:47:27,838 - root - INFO - main.py -c configs/bert/lead_3/one_label/config.ini -m train -g 0 -cp results/legal_judgment_prediction/bert/lead_3/one_label/checkpoint_2.pkl -bs 8
2022-08-24 20:47:27,839 - legal_judgment_prediction.initialize - INFO - Start to initialize.
2022-08-24 20:47:27,839 - legal_judgment_prediction.initialize - INFO - CUDA available: True
2022-08-24 20:47:27,839 - legal_judgment_prediction.model.initialize - INFO - Start to initialize model.
2022-08-24 20:47:27,839 - pytorch_pretrained_bert.modeling - INFO - loading archive file models/bert-base-chinese
2022-08-24 20:47:27,839 - pytorch_pretrained_bert.modeling - INFO - Model config {
  "architectures": [
    "BertForMaskedLM"
  ],
  "attention_probs_dropout_prob": 0.1,
  "directionality": "bidi",
  "hidden_act": "gelu",
  "hidden_dropout_prob": 0.1,
  "hidden_size": 768,
  "initializer_range": 0.02,
  "intermediate_size": 3072,
  "layer_norm_eps": 1e-12,
  "max_position_embeddings": 512,
  "model_type": "bert",
  "num_attention_heads": 12,
  "num_hidden_layers": 12,
  "pad_token_id": 0,
  "pooler_fc_size": 768,
  "pooler_num_attention_heads": 12,
  "pooler_num_fc_layers": 3,
  "pooler_size_per_head": 128,
  "pooler_type": "first_token_transform",
  "type_vocab_size": 2,
  "vocab_size": 21128
}

2022-08-24 20:47:28,974 - legal_judgment_prediction.model.initialize - INFO - Initialize model successfully.
2022-08-24 20:47:28,974 - legal_judgment_prediction.initialize - INFO - Start to initialize multiple gpus.
2022-08-24 20:47:30,369 - legal_judgment_prediction.initialize - INFO - Initialize multiple gpus successfully.
2022-08-24 20:47:30,369 - legal_judgment_prediction.model.initialize - INFO - Start to initialize optimizer.
2022-08-24 20:47:30,369 - pytorch_pretrained_bert.optimization - WARNING - t_total value of -1 results in schedule not being applied
2022-08-24 20:47:30,370 - legal_judgment_prediction.model.initialize - INFO - Initialize optimizer successfully.
2022-08-24 20:47:31,008 - legal_judgment_prediction.dataset.initialize - INFO - Start to initialize train dataloader.
2022-08-24 20:47:34,525 - legal_judgment_prediction.formatter.initialize - INFO - Start to initialize formatter.
2022-08-24 20:47:34,541 - legal_judgment_prediction.formatter.initialize - INFO - Initialize formatter successfully.
2022-08-24 20:47:34,541 - legal_judgment_prediction.dataset.initialize - INFO - Initialize train dataloader successfully.
2022-08-24 20:47:34,541 - legal_judgment_prediction.dataset.initialize - INFO - Start to initialize valid dataloader.
2022-08-24 20:47:34,803 - legal_judgment_prediction.formatter.initialize - INFO - Start to initialize formatter.
2022-08-24 20:47:34,818 - legal_judgment_prediction.formatter.initialize - INFO - Initialize formatter successfully.
2022-08-24 20:47:34,818 - legal_judgment_prediction.dataset.initialize - INFO - Initialize valid dataloader successfully.
2022-08-24 20:47:34,818 - legal_judgment_prediction.output.initialize - INFO - Start to initialize output function.
2022-08-24 20:47:34,819 - legal_judgment_prediction.output.initialize - INFO - Initialize output function successfully.
2022-08-24 20:47:34,821 - legal_judgment_prediction.initialize - INFO - Initialize successfully.
2022-08-24 20:47:34,822 - legal_judgment_prediction.train - INFO - Start to train model.
2022-08-24 20:47:34,822 - legal_judgment_prediction.train - INFO - Epoch  Stage  Iterations  Time Usage    Loss    Output Information
2022-08-24 20:47:34,822 - legal_judgment_prediction.train - INFO - Current learning rate: 1e-05
2022-08-24 20:47:35,564 - utils - INFO - 3      train  1/30524     0:00/377:33   2.47625470161438{"accusation": [0.857, 0.75, 0.8, 0.98, 0.98, 0.98], "article": [0.857, 0.75, 0.8, 0.967, 0.967, 0.967], "article_source": [1.0, 1.0, 1.0, 1.0, 1.0, 1.0]}
2022-08-24 21:09:19,016 - utils - INFO - 3      train  2001/30524 21:44/309:50   2.0095421689702593{"accusation": [0.891, 0.808, 0.847, 0.554, 0.499, 0.515], "article": [0.912, 0.831, 0.87, 0.546, 0.401, 0.441], "article_source": [0.976, 0.974, 0.975, 0.832, 0.71, 0.759]}
2022-08-24 21:30:54,580 - utils - INFO - 3      train  4001/30524 43:19/287:14   2.0363323139280483{"accusation": [0.888, 0.804, 0.844, 0.48, 0.409, 0.428], "article": [0.911, 0.829, 0.868, 0.566, 0.4, 0.443], "article_source": [0.976, 0.974, 0.975, 0.849, 0.715, 0.767]}
2022-08-24 21:52:28,407 - utils - INFO - 3      train  6001/30524 64:53/265:11   2.0340466547162683{"accusation": [0.888, 0.806, 0.845, 0.433, 0.355, 0.373], "article": [0.911, 0.83, 0.869, 0.578, 0.402, 0.448], "article_source": [0.976, 0.974, 0.975, 0.849, 0.704, 0.758]}
2022-08-24 22:14:07,935 - utils - INFO - 3      train  8001/30524 86:33/243:38   2.0473879273399316{"accusation": [0.888, 0.805, 0.845, 0.404, 0.327, 0.346], "article": [0.911, 0.83, 0.869, 0.588, 0.407, 0.454], "article_source": [0.976, 0.974, 0.975, 0.856, 0.714, 0.768]}
2022-08-24 22:35:41,109 - utils - INFO - 3      train  10001/30524 108:06/221:50 2.037933182238947{"accusation": [0.889, 0.808, 0.846, 0.381, 0.307, 0.326], "article": [0.911, 0.831, 0.869, 0.593, 0.407, 0.455], "article_source": [0.977, 0.974, 0.975, 0.852, 0.714, 0.765]}
2022-08-24 22:57:13,340 - utils - INFO - 3      train  12001/30524 129:38/200:05 2.0459808390832794{"accusation": [0.889, 0.808, 0.846, 0.381, 0.306, 0.325], "article": [0.91, 0.831, 0.868, 0.588, 0.407, 0.454], "article_source": [0.976, 0.974, 0.975, 0.851, 0.714, 0.764]}
2022-08-24 23:18:45,621 - utils - INFO - 3      train  14001/30524 151:10/178:24 2.0482635762274817{"accusation": [0.889, 0.807, 0.846, 0.374, 0.292, 0.312], "article": [0.91, 0.83, 0.868, 0.588, 0.404, 0.452], "article_source": [0.976, 0.974, 0.975, 0.847, 0.716, 0.765]}
2022-08-24 23:40:41,573 - utils - INFO - 3      train  16001/30524 173:06/157:07 2.0549329727960046{"accusation": [0.888, 0.807, 0.845, 0.341, 0.252, 0.271], "article": [0.909, 0.83, 0.868, 0.6, 0.404, 0.453], "article_source": [0.976, 0.974, 0.975, 0.893, 0.718, 0.768]}
2022-08-25 00:02:44,142 - utils - INFO - 3      train  18001/30524 195:09/135:45 2.0506853596580252{"accusation": [0.888, 0.808, 0.846, 0.334, 0.246, 0.264], "article": [0.909, 0.83, 0.868, 0.61, 0.403, 0.452], "article_source": [0.976, 0.974, 0.975, 0.886, 0.718, 0.766]}
2022-08-25 00:24:26,536 - utils - INFO - 3      train  20001/30524 216:51/114:05 2.057011561443751{"accusation": [0.888, 0.807, 0.845, 0.332, 0.245, 0.264], "article": [0.909, 0.829, 0.867, 0.613, 0.403, 0.452], "article_source": [0.976, 0.974, 0.975, 0.882, 0.716, 0.765]}
2022-08-25 00:46:00,464 - utils - INFO - 3      train  22001/30524 238:25/92:21  2.058029592462711{"accusation": [0.888, 0.807, 0.845, 0.325, 0.238, 0.257], "article": [0.909, 0.829, 0.867, 0.613, 0.403, 0.452], "article_source": [0.976, 0.974, 0.975, 0.872, 0.719, 0.768]}
2022-08-25 01:07:52,009 - utils - INFO - 3      train  24001/30524 260:17/70:44  2.057420110991818{"accusation": [0.888, 0.807, 0.845, 0.307, 0.219, 0.237], "article": [0.909, 0.83, 0.867, 0.612, 0.403, 0.453], "article_source": [0.976, 0.974, 0.975, 0.869, 0.72, 0.771]}
2022-08-25 01:29:27,660 - utils - INFO - 3      train  26001/30524 281:52/49:02  2.0567594453437263{"accusation": [0.888, 0.807, 0.846, 0.294, 0.206, 0.225], "article": [0.909, 0.83, 0.868, 0.613, 0.404, 0.454], "article_source": [0.975, 0.974, 0.975, 0.873, 0.722, 0.774]}
2022-08-25 01:51:03,195 - utils - INFO - 3      train  28001/30524 303:28/27:20  2.05658454240101{"accusation": [0.888, 0.807, 0.846, 0.307, 0.206, 0.225], "article": [0.909, 0.83, 0.868, 0.61, 0.403, 0.454], "article_source": [0.975, 0.974, 0.975, 0.873, 0.721, 0.773]}
2022-08-25 02:12:39,012 - utils - INFO - 3      train  30001/30524 325:04/ 5:40  2.054337509054874{"accusation": [0.888, 0.808, 0.846, 0.295, 0.199, 0.218], "article": [0.909, 0.831, 0.868, 0.611, 0.404, 0.455], "article_source": [0.975, 0.974, 0.974, 0.868, 0.722, 0.774]}
2022-08-25 02:18:17,730 - utils - INFO - 3      train  30524/30524 330:42/ 0:00  2.055773924040918{"accusation": [0.888, 0.808, 0.846, 0.295, 0.199, 0.218], "article": [0.909, 0.831, 0.868, 0.611, 0.403, 0.454], "article_source": [0.975, 0.974, 0.974, 0.869, 0.721, 0.774]}
2022-08-25 02:18:19,238 - utils - INFO - 3      valid  1/3815      0:00/15:46    6.233367443084717{"accusation": [0.5, 0.375, 0.429, 0.966, 0.963, 0.964], "article": [0.833, 0.625, 0.714, 0.972, 0.974, 0.972], "article_source": [0.857, 0.75, 0.8, 0.976, 0.986, 0.976]}
2022-08-25 02:26:35,173 - utils - INFO - 3      valid  2001/3815   8:16/ 7:29    2.2583223616574957{"accusation": [0.866, 0.797, 0.83, 0.546, 0.493, 0.505], "article": [0.899, 0.823, 0.859, 0.589, 0.429, 0.467], "article_source": [0.968, 0.971, 0.97, 0.839, 0.693, 0.747]}
2022-08-25 02:34:05,727 - utils - INFO - 3      valid  3815/3815  15:46/ 0:00    2.2019740990322783{"accusation": [0.87, 0.802, 0.834, 0.454, 0.399, 0.41], "article": [0.9, 0.826, 0.862, 0.574, 0.421, 0.452], "article_source": [0.97, 0.972, 0.971, 0.878, 0.708, 0.753]}
