2022-08-01 02:46:36,715 - root - INFO - .\chinese_conversion\main.py -sdp D:\Google Drive\NCU\1102\WIDM\深度學習在法律文本上的應用\LJP_files\data\taiwan_indictments\traditional_chinese\one_label -ddp .\legal_judgment_prediction\data\taiwan_indictments\one_label -c tw2s.json
2022-08-01 02:46:36,716 - initialize - INFO - Start to initialize.
2022-08-01 02:46:36,838 - initialize - INFO - Initialize successfully.
2022-08-01 02:46:36,838 - utils - INFO - Start to convert chinese with tw2s.json config.
2022-08-01 02:46:36,838 - utils - INFO - Start to process desktop.ini.
2022-08-01 02:46:36,843 - utils - INFO - Process desktop.ini successfully.
2022-08-01 02:46:36,843 - utils - INFO - Start to process 南投地方檢察署.json.
2022-08-01 02:46:48,660 - utils - INFO - Process 南投地方檢察署.json successfully.
2022-08-01 02:46:48,660 - utils - INFO - Start to process 嘉義地方檢察署.json.
2022-08-01 02:47:07,486 - utils - INFO - Process 嘉義地方檢察署.json successfully.
2022-08-01 02:47:07,486 - utils - INFO - Start to process 基隆地方檢察署.json.
2022-08-01 02:47:17,893 - utils - INFO - Process 基隆地方檢察署.json successfully.
2022-08-01 02:47:17,893 - utils - INFO - Start to process 士林地方檢察署.json.
2022-08-01 02:47:39,496 - utils - INFO - Process 士林地方檢察署.json successfully.
2022-08-01 02:47:39,496 - utils - INFO - Start to process 宜蘭地方檢察署.json.
2022-08-01 02:47:46,465 - utils - INFO - Process 宜蘭地方檢察署.json successfully.
2022-08-01 02:47:46,465 - utils - INFO - Start to process 屏東地方檢察署.json.
2022-08-01 02:48:14,718 - utils - INFO - Process 屏東地方檢察署.json successfully.
2022-08-01 02:48:14,719 - utils - INFO - Start to process 彰化地方檢察署.json.
2022-08-01 02:48:39,890 - utils - INFO - Process 彰化地方檢察署.json successfully.
2022-08-01 02:48:39,890 - utils - INFO - Start to process 新北地方檢察署.json.
2022-08-01 02:49:43,599 - utils - INFO - Process 新北地方檢察署.json successfully.
2022-08-01 02:49:43,599 - utils - INFO - Start to process 新竹地方檢察署.json.
2022-08-01 02:49:59,322 - utils - INFO - Process 新竹地方檢察署.json successfully.
2022-08-01 02:49:59,322 - utils - INFO - Start to process 桃園地方檢察署.json.
2022-08-01 02:51:10,625 - utils - INFO - Process 桃園地方檢察署.json successfully.
2022-08-01 02:51:10,625 - utils - INFO - Start to process 橋頭地方檢察署.json.
2022-08-01 02:51:50,058 - utils - INFO - Process 橋頭地方檢察署.json successfully.
2022-08-01 02:51:50,058 - utils - INFO - Start to process 澎湖地方檢察署.json.
2022-08-01 02:51:51,223 - utils - INFO - Process 澎湖地方檢察署.json successfully.
2022-08-01 02:51:51,224 - utils - INFO - Start to process 臺中地方檢察署.json.
2022-08-01 02:53:13,937 - utils - INFO - Process 臺中地方檢察署.json successfully.
2022-08-01 02:53:13,938 - utils - INFO - Start to process 臺北地方檢察署.json.
2022-08-01 02:53:42,632 - utils - INFO - Process 臺北地方檢察署.json successfully.
2022-08-01 02:53:42,633 - utils - INFO - Start to process 臺南地方檢察署.json.
2022-08-01 02:54:13,840 - utils - INFO - Process 臺南地方檢察署.json successfully.
2022-08-01 02:54:13,840 - utils - INFO - Start to process 臺東地方檢察署.json.
2022-08-01 02:54:21,530 - utils - INFO - Process 臺東地方檢察署.json successfully.
2022-08-01 02:54:21,530 - utils - INFO - Start to process 花蓮地方檢察署.json.
2022-08-01 02:54:31,900 - utils - INFO - Process 花蓮地方檢察署.json successfully.
2022-08-01 02:54:31,900 - utils - INFO - Start to process 苗栗地方檢察署.json.
2022-08-01 02:54:46,699 - utils - INFO - Process 苗栗地方檢察署.json successfully.
2022-08-01 02:54:46,699 - utils - INFO - Start to process 連江地方檢察署.json.
2022-08-01 02:54:46,817 - utils - INFO - Process 連江地方檢察署.json successfully.
2022-08-01 02:54:46,818 - utils - INFO - Start to process 金門地方檢察署.json.
2022-08-01 02:54:48,056 - utils - INFO - Process 金門地方檢察署.json successfully.
2022-08-01 02:54:48,056 - utils - INFO - Start to process 雲林地方檢察署.json.
2022-08-01 02:55:01,923 - utils - INFO - Process 雲林地方檢察署.json successfully.
2022-08-01 02:55:01,923 - utils - INFO - Start to process 高雄地方檢察署.json.
2022-08-01 02:55:42,391 - utils - INFO - Process 高雄地方檢察署.json successfully.
2022-08-01 02:55:42,391 - utils - INFO - Convert chinese with tw2s.json config successfully.
2022-08-01 03:01:16,123 - root - INFO - .\chinese_conversion\main.py -sdp D:\Google Drive\NCU\1102\WIDM\深度學習在法律文本上的應用\LJP_files\data\taiwan_indictments\traditional_chinese\multi_labels -ddp legal_judgment_prediction\data\taiwan_indictments\multi_labels -c tw2s.json
2022-08-01 03:01:16,170 - initialize - INFO - Start to initialize.
2022-08-01 03:01:16,173 - initialize - INFO - Initialize successfully.
2022-08-01 03:01:16,173 - utils - INFO - Start to convert chinese with tw2s.json config.
2022-08-01 03:01:16,174 - utils - INFO - Start to process desktop.ini.
2022-08-01 03:01:16,175 - utils - INFO - Process desktop.ini successfully.
2022-08-01 03:01:16,175 - utils - INFO - Start to process 南投地方檢察署.json.
2022-08-01 03:01:19,570 - utils - INFO - Process 南投地方檢察署.json successfully.
2022-08-01 03:01:19,571 - utils - INFO - Start to process 嘉義地方檢察署.json.
2022-08-01 03:01:26,214 - utils - INFO - Process 嘉義地方檢察署.json successfully.
2022-08-01 03:01:26,214 - utils - INFO - Start to process 基隆地方檢察署.json.
2022-08-01 03:01:29,749 - utils - INFO - Process 基隆地方檢察署.json successfully.
2022-08-01 03:01:29,749 - utils - INFO - Start to process 士林地方檢察署.json.
2022-08-01 03:01:36,487 - utils - INFO - Process 士林地方檢察署.json successfully.
2022-08-01 03:01:36,487 - utils - INFO - Start to process 宜蘭地方檢察署.json.
2022-08-01 03:01:37,724 - utils - INFO - Process 宜蘭地方檢察署.json successfully.
2022-08-01 03:01:37,724 - utils - INFO - Start to process 屏東地方檢察署.json.
2022-08-01 03:01:44,585 - utils - INFO - Process 屏東地方檢察署.json successfully.
2022-08-01 03:01:44,585 - utils - INFO - Start to process 彰化地方檢察署.json.
2022-08-01 03:01:54,101 - utils - INFO - Process 彰化地方檢察署.json successfully.
2022-08-01 03:01:54,101 - utils - INFO - Start to process 新北地方檢察署.json.
2022-08-01 03:02:15,447 - utils - INFO - Process 新北地方檢察署.json successfully.
2022-08-01 03:02:15,447 - utils - INFO - Start to process 新竹地方檢察署.json.
2022-08-01 03:02:22,174 - utils - INFO - Process 新竹地方檢察署.json successfully.
2022-08-01 03:02:22,174 - utils - INFO - Start to process 桃園地方檢察署.json.
2022-08-01 03:02:37,161 - utils - INFO - Process 桃園地方檢察署.json successfully.
2022-08-01 03:02:37,162 - utils - INFO - Start to process 橋頭地方檢察署.json.
2022-08-01 03:02:43,750 - utils - INFO - Process 橋頭地方檢察署.json successfully.
2022-08-01 03:02:43,750 - utils - INFO - Start to process 澎湖地方檢察署.json.
2022-08-01 03:02:44,111 - utils - INFO - Process 澎湖地方檢察署.json successfully.
2022-08-01 03:02:44,111 - utils - INFO - Start to process 臺中地方檢察署.json.
2022-08-01 03:03:17,839 - utils - INFO - Process 臺中地方檢察署.json successfully.
2022-08-01 03:03:17,839 - utils - INFO - Start to process 臺北地方檢察署.json.
2022-08-01 03:03:32,208 - utils - INFO - Process 臺北地方檢察署.json successfully.
2022-08-01 03:03:32,208 - utils - INFO - Start to process 臺南地方檢察署.json.
2022-08-01 03:03:42,888 - utils - INFO - Process 臺南地方檢察署.json successfully.
2022-08-01 03:03:42,888 - utils - INFO - Start to process 臺東地方檢察署.json.
2022-08-01 03:03:45,112 - utils - INFO - Process 臺東地方檢察署.json successfully.
2022-08-01 03:03:45,112 - utils - INFO - Start to process 花蓮地方檢察署.json.
2022-08-01 03:03:47,908 - utils - INFO - Process 花蓮地方檢察署.json successfully.
2022-08-01 03:03:47,909 - utils - INFO - Start to process 苗栗地方檢察署.json.
2022-08-01 03:03:53,732 - utils - INFO - Process 苗栗地方檢察署.json successfully.
2022-08-01 03:03:53,732 - utils - INFO - Start to process 連江地方檢察署.json.
2022-08-01 03:03:53,880 - utils - INFO - Process 連江地方檢察署.json successfully.
2022-08-01 03:03:53,880 - utils - INFO - Start to process 金門地方檢察署.json.
2022-08-01 03:03:54,306 - utils - INFO - Process 金門地方檢察署.json successfully.
2022-08-01 03:03:54,306 - utils - INFO - Start to process 雲林地方檢察署.json.
2022-08-01 03:03:58,981 - utils - INFO - Process 雲林地方檢察署.json successfully.
2022-08-01 03:03:58,982 - utils - INFO - Start to process 高雄地方檢察署.json.
2022-08-01 03:04:10,715 - utils - INFO - Process 高雄地方檢察署.json successfully.
2022-08-01 03:04:10,716 - utils - INFO - Convert chinese with tw2s.json config successfully.
